  [1m[35m (1153.0ms)[0m  [1m[35mCREATE DATABASE "backend_api_development" ENCODING = 'unicode'[0m
  [1m[35m (1966.9ms)[0m  [1m[35mCREATE DATABASE "backend_api_test" ENCODING = 'unicode'[0m
  [1m[35m (84.9ms)[0m  [1m[35mCREATE TABLE "schema_migrations" ("version" character varying NOT NULL PRIMARY KEY)[0m
  [1m[35m (34.8ms)[0m  [1m[35mCREATE TABLE "ar_internal_metadata" ("key" character varying NOT NULL PRIMARY KEY, "value" character varying, "created_at" timestamp(6) NOT NULL, "updated_at" timestamp(6) NOT NULL)[0m
  [1m[35m (1.1ms)[0m  [1m[34mSELECT "schema_migrations"."version" FROM "schema_migrations" ORDER BY "schema_migrations"."version" ASC[0m
  [1m[35m (1.8ms)[0m  [1m[34mSELECT pg_try_advisory_lock(3046397844150113145)[0m
  [1m[35m (1.3ms)[0m  [1m[34mSELECT "schema_migrations"."version" FROM "schema_migrations" ORDER BY "schema_migrations"."version" ASC[0m
Migrating to CreateUsers (20210810174834)
  [1m[36mTRANSACTION (43.1ms)[0m  [1m[35mBEGIN[0m
  [1m[35m (27.5ms)[0m  [1m[35mCREATE TABLE "users" ("id" bigserial primary key, "name" character varying, "password_digest" character varying, "email" character varying, "admin" boolean, "created_at" timestamp(6) NOT NULL, "updated_at" timestamp(6) NOT NULL)[0m
  [1m[36mActiveRecord::SchemaMigration Create (91.7ms)[0m  [1m[32mINSERT INTO "schema_migrations" ("version") VALUES ($1) RETURNING "version"[0m  [["version", "20210810174834"]]
  [1m[36mTRANSACTION (1.8ms)[0m  [1m[35mCOMMIT[0m
Migrating to CreateAppointments (20210810175201)
  [1m[36mTRANSACTION (42.3ms)[0m  [1m[35mBEGIN[0m
  [1m[35m (49.6ms)[0m  [1m[35mCREATE TABLE "appointments" ("id" bigserial primary key, "date" character varying, "start_time" character varying, "end_time" character varying, "description" character varying, "user_id" bigint NOT NULL, "salon_id" bigint NOT NULL, "created_at" timestamp(6) NOT NULL, "updated_at" timestamp(6) NOT NULL, CONSTRAINT "fk_rails_9e31213785"
FOREIGN KEY ("user_id")
  REFERENCES "users" ("id")
, CONSTRAINT "fk_rails_f298f85235"
FOREIGN KEY ("salon_id")
  REFERENCES "salons" ("id")
)[0m
  [1m[36mTRANSACTION (0.3ms)[0m  [1m[31mROLLBACK[0m
  [1m[35m (0.4ms)[0m  [1m[34mSELECT pg_advisory_unlock(3046397844150113145)[0m
  [1m[35m (3.5ms)[0m  [1m[34mSELECT "schema_migrations"."version" FROM "schema_migrations" ORDER BY "schema_migrations"."version" ASC[0m
  [1m[35m (2.6ms)[0m  [1m[34mSELECT "ar_internal_metadata"."value" FROM "ar_internal_metadata" WHERE "ar_internal_metadata"."key" = $1[0m  [["key", "environment"]]
  [1m[36mActiveRecord::InternalMetadata Load (2.4ms)[0m  [1m[34mSELECT "ar_internal_metadata".* FROM "ar_internal_metadata" WHERE "ar_internal_metadata"."key" = $1 LIMIT $2[0m  [["key", "environment"], ["LIMIT", 1]]
  [1m[36mTRANSACTION (0.2ms)[0m  [1m[35mBEGIN[0m
  [1m[36mActiveRecord::InternalMetadata Create (5.5ms)[0m  [1m[32mINSERT INTO "ar_internal_metadata" ("key", "value", "created_at", "updated_at") VALUES ($1, $2, $3, $4) RETURNING "key"[0m  [["key", "environment"], ["value", "development"], ["created_at", "2021-08-10 18:22:49.957490"], ["updated_at", "2021-08-10 18:22:49.957490"]]
  [1m[36mTRANSACTION (1.7ms)[0m  [1m[35mCOMMIT[0m
  [1m[35m (0.3ms)[0m  [1m[34mSELECT pg_try_advisory_lock(3046397844150113145)[0m
  [1m[35m (1.1ms)[0m  [1m[34mSELECT "schema_migrations"."version" FROM "schema_migrations" ORDER BY "schema_migrations"."version" ASC[0m
Migrating to CreateAppointments (20210810175201)
  [1m[36mTRANSACTION (2.3ms)[0m  [1m[35mBEGIN[0m
  [1m[35m (59.9ms)[0m  [1m[35mCREATE TABLE "appointments" ("id" bigserial primary key, "date" character varying, "start_time" character varying, "end_time" character varying, "description" character varying, "user_id" bigint NOT NULL, "salon_id" bigint NOT NULL, "created_at" timestamp(6) NOT NULL, "updated_at" timestamp(6) NOT NULL, CONSTRAINT "fk_rails_9e31213785"
FOREIGN KEY ("user_id")
  REFERENCES "users" ("id")
, CONSTRAINT "fk_rails_f298f85235"
FOREIGN KEY ("salon_id")
  REFERENCES "salons" ("id")
)[0m
  [1m[36mTRANSACTION (0.2ms)[0m  [1m[31mROLLBACK[0m
  [1m[35m (10.0ms)[0m  [1m[34mSELECT pg_advisory_unlock(3046397844150113145)[0m
  [1m[35m (0.3ms)[0m  [1m[34mSELECT pg_try_advisory_lock(3046397844150113145)[0m
  [1m[35m (42.9ms)[0m  [1m[34mSELECT "schema_migrations"."version" FROM "schema_migrations" ORDER BY "schema_migrations"."version" ASC[0m
Migrating to CreateAppointments (20210810175201)
  [1m[36mTRANSACTION (2.3ms)[0m  [1m[35mBEGIN[0m
  [1m[35m (45.9ms)[0m  [1m[35mCREATE TABLE "appointments" ("id" bigserial primary key, "date" character varying, "start_time" character varying, "end_time" character varying, "description" character varying, "user_id" bigint NOT NULL, "salon_id" bigint NOT NULL, "created_at" timestamp(6) NOT NULL, "updated_at" timestamp(6) NOT NULL, CONSTRAINT "fk_rails_9e31213785"
FOREIGN KEY ("user_id")
  REFERENCES "users" ("id")
, CONSTRAINT "fk_rails_f298f85235"
FOREIGN KEY ("salon_id")
  REFERENCES "salons" ("id")
)[0m
  [1m[36mTRANSACTION (0.2ms)[0m  [1m[31mROLLBACK[0m
  [1m[35m (0.4ms)[0m  [1m[34mSELECT pg_advisory_unlock(3046397844150113145)[0m
  [1m[35m (43.4ms)[0m  [1m[34mSELECT "schema_migrations"."version" FROM "schema_migrations" ORDER BY "schema_migrations"."version" ASC[0m
  [1m[35m (1.0ms)[0m  [1m[34mSELECT "ar_internal_metadata"."value" FROM "ar_internal_metadata" WHERE "ar_internal_metadata"."key" = $1[0m  [["key", "environment"]]
  [1m[35m (0.6ms)[0m  [1m[34mSELECT "schema_migrations"."version" FROM "schema_migrations" ORDER BY "schema_migrations"."version" ASC[0m
  [1m[35m (0.5ms)[0m  [1m[34mSELECT "ar_internal_metadata"."value" FROM "ar_internal_metadata" WHERE "ar_internal_metadata"."key" = $1[0m  [["key", "environment"]]
  [1m[35m (0.6ms)[0m  [1m[34mSELECT "schema_migrations"."version" FROM "schema_migrations" ORDER BY "schema_migrations"."version" ASC[0m
  [1m[35m (0.5ms)[0m  [1m[34mSELECT "ar_internal_metadata"."value" FROM "ar_internal_metadata" WHERE "ar_internal_metadata"."key" = $1[0m  [["key", "environment"]]
  [1m[35m (144.3ms)[0m  [1m[35mDROP DATABASE IF EXISTS "backend_api_development"[0m
  [1m[35m (216.7ms)[0m  [1m[35mDROP DATABASE IF EXISTS "backend_api_test"[0m
  [1m[35m (308.2ms)[0m  [1m[35mCREATE DATABASE "backend_api_development" ENCODING = 'unicode'[0m
  [1m[35m (113.8ms)[0m  [1m[35mCREATE DATABASE "backend_api_test" ENCODING = 'unicode'[0m
  [1m[35m (52.9ms)[0m  [1m[35mCREATE TABLE "schema_migrations" ("version" character varying NOT NULL PRIMARY KEY)[0m
  [1m[35m (52.0ms)[0m  [1m[35mCREATE TABLE "ar_internal_metadata" ("key" character varying NOT NULL PRIMARY KEY, "value" character varying, "created_at" timestamp(6) NOT NULL, "updated_at" timestamp(6) NOT NULL)[0m
  [1m[35m (0.3ms)[0m  [1m[34mSELECT pg_try_advisory_lock(3046397844150113145)[0m
  [1m[35m (0.8ms)[0m  [1m[34mSELECT "schema_migrations"."version" FROM "schema_migrations" ORDER BY "schema_migrations"."version" ASC[0m
Migrating to CreateUsers (20210810174834)
  [1m[36mTRANSACTION (4.1ms)[0m  [1m[35mBEGIN[0m
  [1m[35m (56.5ms)[0m  [1m[35mCREATE TABLE "users" ("id" bigserial primary key, "name" character varying, "password_digest" character varying, "email" character varying, "admin" boolean, "created_at" timestamp(6) NOT NULL, "updated_at" timestamp(6) NOT NULL)[0m
  [1m[36mActiveRecord::SchemaMigration Create (1.3ms)[0m  [1m[32mINSERT INTO "schema_migrations" ("version") VALUES ($1) RETURNING "version"[0m  [["version", "20210810174834"]]
  [1m[36mTRANSACTION (1.5ms)[0m  [1m[35mCOMMIT[0m
Migrating to CreateAppointments (20210810175201)
  [1m[36mTRANSACTION (45.0ms)[0m  [1m[35mBEGIN[0m
  [1m[35m (14.7ms)[0m  [1m[35mCREATE TABLE "appointments" ("id" bigserial primary key, "date" character varying, "start_time" character varying, "end_time" character varying, "description" character varying, "user_id" bigint NOT NULL, "salon_id" bigint NOT NULL, "created_at" timestamp(6) NOT NULL, "updated_at" timestamp(6) NOT NULL, CONSTRAINT "fk_rails_9e31213785"
FOREIGN KEY ("user_id")
  REFERENCES "users" ("id")
, CONSTRAINT "fk_rails_f298f85235"
FOREIGN KEY ("salon_id")
  REFERENCES "salons" ("id")
)[0m
  [1m[36mTRANSACTION (0.2ms)[0m  [1m[31mROLLBACK[0m
  [1m[35m (0.6ms)[0m  [1m[34mSELECT pg_advisory_unlock(3046397844150113145)[0m
  [1m[35m (1.2ms)[0m  [1m[34mSELECT "schema_migrations"."version" FROM "schema_migrations" ORDER BY "schema_migrations"."version" ASC[0m
  [1m[35m (41.2ms)[0m  [1m[34mSELECT "ar_internal_metadata"."value" FROM "ar_internal_metadata" WHERE "ar_internal_metadata"."key" = $1[0m  [["key", "environment"]]
  [1m[35m (4359.8ms)[0m  [1m[35mDROP DATABASE IF EXISTS "backend_api_development"[0m
  [1m[35m (144.7ms)[0m  [1m[35mDROP DATABASE IF EXISTS "backend_api_test"[0m
  [1m[35m (240.3ms)[0m  [1m[35mCREATE DATABASE "backend_api_development" ENCODING = 'unicode'[0m
  [1m[35m (191.3ms)[0m  [1m[35mCREATE DATABASE "backend_api_test" ENCODING = 'unicode'[0m
  [1m[35m (52.7ms)[0m  [1m[35mCREATE TABLE "schema_migrations" ("version" character varying NOT NULL PRIMARY KEY)[0m
  [1m[35m (8.0ms)[0m  [1m[35mCREATE TABLE "ar_internal_metadata" ("key" character varying NOT NULL PRIMARY KEY, "value" character varying, "created_at" timestamp(6) NOT NULL, "updated_at" timestamp(6) NOT NULL)[0m
  [1m[35m (0.3ms)[0m  [1m[34mSELECT pg_try_advisory_lock(3046397844150113145)[0m
  [1m[35m (1.1ms)[0m  [1m[34mSELECT "schema_migrations"."version" FROM "schema_migrations" ORDER BY "schema_migrations"."version" ASC[0m
Migrating to CreateUsers (20210810174834)
  [1m[36mTRANSACTION (2.3ms)[0m  [1m[35mBEGIN[0m
  [1m[35m (49.9ms)[0m  [1m[35mCREATE TABLE "users" ("id" bigserial primary key, "name" character varying, "password_digest" character varying, "email" character varying, "admin" boolean, "created_at" timestamp(6) NOT NULL, "updated_at" timestamp(6) NOT NULL)[0m
  [1m[36mActiveRecord::SchemaMigration Create (1.1ms)[0m  [1m[32mINSERT INTO "schema_migrations" ("version") VALUES ($1) RETURNING "version"[0m  [["version", "20210810174834"]]
  [1m[36mTRANSACTION (1.5ms)[0m  [1m[35mCOMMIT[0m
Migrating to CreateAppointments (20210810175201)
  [1m[36mTRANSACTION (41.7ms)[0m  [1m[35mBEGIN[0m
  [1m[35m (59.4ms)[0m  [1m[35mCREATE TABLE "appointments" ("id" bigserial primary key, "date" character varying, "start_time" character varying, "end_time" character varying, "description" character varying, "user_id" bigint NOT NULL, "salon_id" bigint NOT NULL, "created_at" timestamp(6) NOT NULL, "updated_at" timestamp(6) NOT NULL, CONSTRAINT "fk_rails_9e31213785"
FOREIGN KEY ("user_id")
  REFERENCES "users" ("id")
, CONSTRAINT "fk_rails_f298f85235"
FOREIGN KEY ("salon_id")
  REFERENCES "salons" ("id")
)[0m
  [1m[36mTRANSACTION (0.2ms)[0m  [1m[31mROLLBACK[0m
  [1m[35m (0.4ms)[0m  [1m[34mSELECT pg_advisory_unlock(3046397844150113145)[0m
  [1m[35m (0.5ms)[0m  [1m[34mSELECT pg_try_advisory_lock(3046397844150113145)[0m
  [1m[35m (5.4ms)[0m  [1m[34mSELECT "schema_migrations"."version" FROM "schema_migrations" ORDER BY "schema_migrations"."version" ASC[0m
Migrating to CreateSalons (20210810175314)
  [1m[36mTRANSACTION (3.0ms)[0m  [1m[35mBEGIN[0m
  [1m[35m (65.7ms)[0m  [1m[35mCREATE TABLE "salons" ("id" bigserial primary key, "name" character varying, "location" character varying, "specialize_in" character varying, "created_at" timestamp(6) NOT NULL, "updated_at" timestamp(6) NOT NULL)[0m
  [1m[36mActiveRecord::SchemaMigration Create (0.5ms)[0m  [1m[32mINSERT INTO "schema_migrations" ("version") VALUES ($1) RETURNING "version"[0m  [["version", "20210810175314"]]
  [1m[36mTRANSACTION (42.4ms)[0m  [1m[35mCOMMIT[0m
  [1m[36mActiveRecord::InternalMetadata Load (33.3ms)[0m  [1m[34mSELECT "ar_internal_metadata".* FROM "ar_internal_metadata" WHERE "ar_internal_metadata"."key" = $1 LIMIT $2[0m  [["key", "environment"], ["LIMIT", 1]]
  [1m[36mTRANSACTION (0.2ms)[0m  [1m[35mBEGIN[0m
  [1m[36mActiveRecord::InternalMetadata Create (3.2ms)[0m  [1m[32mINSERT INTO "ar_internal_metadata" ("key", "value", "created_at", "updated_at") VALUES ($1, $2, $3, $4) RETURNING "key"[0m  [["key", "environment"], ["value", "development"], ["created_at", "2021-08-10 18:51:32.818506"], ["updated_at", "2021-08-10 18:51:32.818506"]]
  [1m[36mTRANSACTION (1.4ms)[0m  [1m[35mCOMMIT[0m
  [1m[35m (0.5ms)[0m  [1m[34mSELECT pg_advisory_unlock(3046397844150113145)[0m
  [1m[35m (1.1ms)[0m  [1m[34mSELECT "schema_migrations"."version" FROM "schema_migrations" ORDER BY "schema_migrations"."version" ASC[0m
  [1m[35m (0.3ms)[0m  [1m[34mSELECT pg_try_advisory_lock(3046397844150113145)[0m
  [1m[35m (1.9ms)[0m  [1m[34mSELECT "schema_migrations"."version" FROM "schema_migrations" ORDER BY "schema_migrations"."version" ASC[0m
Migrating to CreateAppointments (20210810185301)
  [1m[35m (0.5ms)[0m  [1m[34mSELECT pg_advisory_unlock(3046397844150113145)[0m
  [1m[35m (0.3ms)[0m  [1m[34mSELECT pg_try_advisory_lock(3046397844150113145)[0m
  [1m[35m (1.0ms)[0m  [1m[34mSELECT "schema_migrations"."version" FROM "schema_migrations" ORDER BY "schema_migrations"."version" ASC[0m
Migrating to CreateAppointments (20210810185558)
  [1m[36mTRANSACTION (1.7ms)[0m  [1m[35mBEGIN[0m
  [1m[35m (64.0ms)[0m  [1m[35mCREATE TABLE "appointments" ("id" bigserial primary key, "date" character varying, "start_time" character varying, "end_time" character varying, "description" character varying, "user_id" bigint NOT NULL, "salon_id" bigint NOT NULL, "created_at" timestamp(6) NOT NULL, "updated_at" timestamp(6) NOT NULL, CONSTRAINT "fk_rails_9e31213785"
FOREIGN KEY ("user_id")
  REFERENCES "users" ("id")
, CONSTRAINT "fk_rails_f298f85235"
FOREIGN KEY ("salon_id")
  REFERENCES "salons" ("id")
)[0m
  [1m[35m (11.3ms)[0m  [1m[35mCREATE INDEX "index_appointments_on_user_id" ON "appointments" ("user_id")[0m
  [1m[35m (2.4ms)[0m  [1m[35mCREATE INDEX "index_appointments_on_salon_id" ON "appointments" ("salon_id")[0m
  [1m[36mActiveRecord::SchemaMigration Create (0.5ms)[0m  [1m[32mINSERT INTO "schema_migrations" ("version") VALUES ($1) RETURNING "version"[0m  [["version", "20210810185558"]]
  [1m[36mTRANSACTION (3.0ms)[0m  [1m[35mCOMMIT[0m
  [1m[36mActiveRecord::InternalMetadata Load (41.5ms)[0m  [1m[34mSELECT "ar_internal_metadata".* FROM "ar_internal_metadata" WHERE "ar_internal_metadata"."key" = $1 LIMIT $2[0m  [["key", "environment"], ["LIMIT", 1]]
  [1m[35m (0.6ms)[0m  [1m[34mSELECT pg_advisory_unlock(3046397844150113145)[0m
  [1m[35m (1.1ms)[0m  [1m[34mSELECT "schema_migrations"."version" FROM "schema_migrations" ORDER BY "schema_migrations"."version" ASC[0m
  [1m[35m (0.3ms)[0m  [1m[34mSELECT pg_try_advisory_lock(3046397844150113145)[0m
  [1m[35m (1.1ms)[0m  [1m[34mSELECT "schema_migrations"."version" FROM "schema_migrations" ORDER BY "schema_migrations"."version" ASC[0m
Migrating to CreateServices (20210810185809)
  [1m[36mTRANSACTION (1.7ms)[0m  [1m[35mBEGIN[0m
  [1m[35m (57.9ms)[0m  [1m[35mCREATE TABLE "services" ("id" bigserial primary key, "name" character varying, "price" integer, "salon_id" bigint NOT NULL, "created_at" timestamp(6) NOT NULL, "updated_at" timestamp(6) NOT NULL, CONSTRAINT "fk_rails_3d3db8a612"
FOREIGN KEY ("salon_id")
  REFERENCES "salons" ("id")
)[0m
  [1m[35m (2.6ms)[0m  [1m[35mCREATE INDEX "index_services_on_salon_id" ON "services" ("salon_id")[0m
  [1m[36mActiveRecord::SchemaMigration Create (0.6ms)[0m  [1m[32mINSERT INTO "schema_migrations" ("version") VALUES ($1) RETURNING "version"[0m  [["version", "20210810185809"]]
  [1m[36mTRANSACTION (1.6ms)[0m  [1m[35mCOMMIT[0m
Migrating to CreateReviews (20210810185909)
  [1m[36mTRANSACTION (43.1ms)[0m  [1m[35mBEGIN[0m
  [1m[35m (51.1ms)[0m  [1m[35mCREATE TABLE "reviews" ("id" bigserial primary key, "rating" integer, "comment" character varying, "salon_id" bigint NOT NULL, "user_id" bigint NOT NULL, "created_at" timestamp(6) NOT NULL, "updated_at" timestamp(6) NOT NULL, CONSTRAINT "fk_rails_2ec3326a71"
FOREIGN KEY ("salon_id")
  REFERENCES "salons" ("id")
, CONSTRAINT "fk_rails_74a66bd6c5"
FOREIGN KEY ("user_id")
  REFERENCES "users" ("id")
)[0m
  [1m[35m (3.2ms)[0m  [1m[35mCREATE INDEX "index_reviews_on_salon_id" ON "reviews" ("salon_id")[0m
  [1m[35m (2.9ms)[0m  [1m[35mCREATE INDEX "index_reviews_on_user_id" ON "reviews" ("user_id")[0m
  [1m[36mActiveRecord::SchemaMigration Create (0.7ms)[0m  [1m[32mINSERT INTO "schema_migrations" ("version") VALUES ($1) RETURNING "version"[0m  [["version", "20210810185909"]]
  [1m[36mTRANSACTION (41.2ms)[0m  [1m[35mCOMMIT[0m
  [1m[36mActiveRecord::InternalMetadata Load (1.0ms)[0m  [1m[34mSELECT "ar_internal_metadata".* FROM "ar_internal_metadata" WHERE "ar_internal_metadata"."key" = $1 LIMIT $2[0m  [["key", "environment"], ["LIMIT", 1]]
  [1m[35m (0.6ms)[0m  [1m[34mSELECT pg_advisory_unlock(3046397844150113145)[0m
  [1m[35m (1.1ms)[0m  [1m[34mSELECT "schema_migrations"."version" FROM "schema_migrations" ORDER BY "schema_migrations"."version" ASC[0m
  [1m[35m (1.4ms)[0m  [1m[34mSELECT "schema_migrations"."version" FROM "schema_migrations" ORDER BY "schema_migrations"."version" ASC[0m
  [1m[36mUser Load (3.8ms)[0m  [1m[34mSELECT "users".* FROM "users"[0m
  [1m[36mSalon Load (36.6ms)[0m  [1m[34mSELECT "salons".* FROM "salons"[0m
  [1m[36mService Load (0.8ms)[0m  [1m[34mSELECT "services".* FROM "services"[0m
  [1m[36mAppointment Load (43.0ms)[0m  [1m[34mSELECT "appointments".* FROM "appointments"[0m
  [1m[36mReview Load (1.4ms)[0m  [1m[34mSELECT "reviews".* FROM "reviews"[0m
  [1m[35m (8.2ms)[0m  [1m[34mSELECT "schema_migrations"."version" FROM "schema_migrations" ORDER BY "schema_migrations"."version" ASC[0m
  [1m[35m (2.0ms)[0m  [1m[34mSELECT "schema_migrations"."version" FROM "schema_migrations" ORDER BY "schema_migrations"."version" ASC[0m
  [1m[35m (1.7ms)[0m  [1m[34mSELECT "schema_migrations"."version" FROM "schema_migrations" ORDER BY "schema_migrations"."version" ASC[0m
  [1m[36mUser Load (72.9ms)[0m  [1m[34mSELECT "users".* FROM "users"[0m
  [1m[36mSalon Load (42.4ms)[0m  [1m[34mSELECT "salons".* FROM "salons"[0m
  [1m[36mService Load (24.3ms)[0m  [1m[34mSELECT "services".* FROM "services"[0m
  [1m[36mAppointment Load (48.5ms)[0m  [1m[34mSELECT "appointments".* FROM "appointments"[0m
  [1m[36mReview Load (2.2ms)[0m  [1m[34mSELECT "reviews".* FROM "reviews"[0m
  [1m[36mTRANSACTION (0.4ms)[0m  [1m[35mBEGIN[0m
  [1m[36mUser Create (1.6ms)[0m  [1m[32mINSERT INTO "users" ("name", "password_digest", "email", "admin", "created_at", "updated_at") VALUES ($1, $2, $3, $4, $5, $6) RETURNING "id"[0m  [["name", "Shevon"], ["password_digest", "12345"], ["email", "s@d.com"], ["admin", false], ["created_at", "2021-08-10 20:42:29.973878"], ["updated_at", "2021-08-10 20:42:29.973878"]]
  [1m[36mTRANSACTION (1.5ms)[0m  [1m[35mCOMMIT[0m
  [1m[36mTRANSACTION (0.4ms)[0m  [1m[35mBEGIN[0m
  [1m[36mUser Create (0.7ms)[0m  [1m[32mINSERT INTO "users" ("name", "password_digest", "email", "admin", "created_at", "updated_at") VALUES ($1, $2, $3, $4, $5, $6) RETURNING "id"[0m  [["name", "Corletta"], ["password_digest", "12345"], ["email", "c@d.com"], ["admin", true], ["created_at", "2021-08-10 20:42:29.982267"], ["updated_at", "2021-08-10 20:42:29.982267"]]
  [1m[36mTRANSACTION (1.2ms)[0m  [1m[35mCOMMIT[0m
  [1m[36mTRANSACTION (7.9ms)[0m  [1m[35mBEGIN[0m
  [1m[36mSalon Create (2.7ms)[0m  [1m[32mINSERT INTO "salons" ("name", "location", "specialize_in", "created_at", "updated_at") VALUES ($1, $2, $3, $4, $5) RETURNING "id"[0m  [["name", "Beauty Parlor"], ["location", "123 Main Rd, Brooklyn NY"], ["specialize_in", "[\"blowout\", \"braids\"]"], ["created_at", "2021-08-10 20:42:30.016667"], ["updated_at", "2021-08-10 20:42:30.016667"]]
  [1m[36mTRANSACTION (2.2ms)[0m  [1m[35mCOMMIT[0m
  [1m[36mTRANSACTION (0.3ms)[0m  [1m[35mBEGIN[0m
  [1m[36mSalon Create (0.6ms)[0m  [1m[32mINSERT INTO "salons" ("name", "location", "specialize_in", "created_at", "updated_at") VALUES ($1, $2, $3, $4, $5) RETURNING "id"[0m  [["name", "Tress Galore"], ["location", "567 Main Rd, Brooklyn NY"], ["specialize_in", "[\"color\", \"cut\", \"styling\"]"], ["created_at", "2021-08-10 20:42:30.039202"], ["updated_at", "2021-08-10 20:42:30.039202"]]
  [1m[36mTRANSACTION (1.5ms)[0m  [1m[35mCOMMIT[0m
  [1m[36mTRANSACTION (0.3ms)[0m  [1m[35mBEGIN[0m
  [1m[36mSalon Load (32.7ms)[0m  [1m[34mSELECT "salons".* FROM "salons" WHERE "salons"."id" = $1 LIMIT $2[0m  [["id", 2], ["LIMIT", 1]]
  [1m[36mService Create (13.6ms)[0m  [1m[32mINSERT INTO "services" ("name", "price", "salon_id", "created_at", "updated_at") VALUES ($1, $2, $3, $4, $5) RETURNING "id"[0m  [["name", "Blowout"], ["price", 30], ["salon_id", 2], ["created_at", "2021-08-10 20:42:30.147778"], ["updated_at", "2021-08-10 20:42:30.147778"]]
  [1m[36mTRANSACTION (1.5ms)[0m  [1m[35mCOMMIT[0m
  [1m[36mTRANSACTION (0.3ms)[0m  [1m[35mBEGIN[0m
  [1m[36mSalon Load (0.5ms)[0m  [1m[34mSELECT "salons".* FROM "salons" WHERE "salons"."id" = $1 LIMIT $2[0m  [["id", 2], ["LIMIT", 1]]
  [1m[36mService Create (2.7ms)[0m  [1m[32mINSERT INTO "services" ("name", "price", "salon_id", "created_at", "updated_at") VALUES ($1, $2, $3, $4, $5) RETURNING "id"[0m  [["name", "Braids"], ["price", 60], ["salon_id", 2], ["created_at", "2021-08-10 20:42:30.179106"], ["updated_at", "2021-08-10 20:42:30.179106"]]
  [1m[36mTRANSACTION (1.6ms)[0m  [1m[35mCOMMIT[0m
  [1m[36mTRANSACTION (0.3ms)[0m  [1m[35mBEGIN[0m
  [1m[36mSalon Load (17.2ms)[0m  [1m[34mSELECT "salons".* FROM "salons" WHERE "salons"."id" = $1 LIMIT $2[0m  [["id", 1], ["LIMIT", 1]]
  [1m[36mService Create (0.6ms)[0m  [1m[32mINSERT INTO "services" ("name", "price", "salon_id", "created_at", "updated_at") VALUES ($1, $2, $3, $4, $5) RETURNING "id"[0m  [["name", "Color"], ["price", 150], ["salon_id", 1], ["created_at", "2021-08-10 20:42:30.209870"], ["updated_at", "2021-08-10 20:42:30.209870"]]
  [1m[36mTRANSACTION (23.6ms)[0m  [1m[35mCOMMIT[0m
  [1m[36mTRANSACTION (6.3ms)[0m  [1m[35mBEGIN[0m
  [1m[36mSalon Load (0.4ms)[0m  [1m[34mSELECT "salons".* FROM "salons" WHERE "salons"."id" = $1 LIMIT $2[0m  [["id", 1], ["LIMIT", 1]]
  [1m[36mService Create (1.9ms)[0m  [1m[32mINSERT INTO "services" ("name", "price", "salon_id", "created_at", "updated_at") VALUES ($1, $2, $3, $4, $5) RETURNING "id"[0m  [["name", "Silk Press"], ["price", 100], ["salon_id", 1], ["created_at", "2021-08-10 20:42:30.282663"], ["updated_at", "2021-08-10 20:42:30.282663"]]
  [1m[36mTRANSACTION (3.1ms)[0m  [1m[35mCOMMIT[0m
  [1m[36mTRANSACTION (0.3ms)[0m  [1m[35mBEGIN[0m
  [1m[36mSalon Load (0.5ms)[0m  [1m[34mSELECT "salons".* FROM "salons" WHERE "salons"."id" = $1 LIMIT $2[0m  [["id", 1], ["LIMIT", 1]]
  [1m[36mService Create (0.8ms)[0m  [1m[32mINSERT INTO "services" ("name", "price", "salon_id", "created_at", "updated_at") VALUES ($1, $2, $3, $4, $5) RETURNING "id"[0m  [["name", "Cut"], ["price", 40], ["salon_id", 1], ["created_at", "2021-08-10 20:42:30.297720"], ["updated_at", "2021-08-10 20:42:30.297720"]]
  [1m[36mTRANSACTION (1.4ms)[0m  [1m[35mCOMMIT[0m
  [1m[36mTRANSACTION (0.2ms)[0m  [1m[35mBEGIN[0m
  [1m[36mUser Load (0.6ms)[0m  [1m[34mSELECT "users".* FROM "users" WHERE "users"."id" = $1 LIMIT $2[0m  [["id", 1], ["LIMIT", 1]]
  [1m[36mSalon Load (0.4ms)[0m  [1m[34mSELECT "salons".* FROM "salons" WHERE "salons"."id" = $1 LIMIT $2[0m  [["id", 1], ["LIMIT", 1]]
  [1m[36mAppointment Create (2.2ms)[0m  [1m[32mINSERT INTO "appointments" ("date", "start_time", "end_time", "description", "user_id", "salon_id", "created_at", "updated_at") VALUES ($1, $2, $3, $4, $5, $6, $7, $8) RETURNING "id"[0m  [["date", "September 3, 2021"], ["start_time", "1:30pm"], ["end_time", "2:30pm"], ["description", "Need a blowout"], ["user_id", 1], ["salon_id", 1], ["created_at", "2021-08-10 20:42:30.361064"], ["updated_at", "2021-08-10 20:42:30.361064"]]
  [1m[36mTRANSACTION (1.6ms)[0m  [1m[35mCOMMIT[0m
  [1m[36mTRANSACTION (0.3ms)[0m  [1m[35mBEGIN[0m
  [1m[36mUser Load (0.5ms)[0m  [1m[34mSELECT "users".* FROM "users" WHERE "users"."id" = $1 LIMIT $2[0m  [["id", 2], ["LIMIT", 1]]
  [1m[36mSalon Load (0.5ms)[0m  [1m[34mSELECT "salons".* FROM "salons" WHERE "salons"."id" = $1 LIMIT $2[0m  [["id", 2], ["LIMIT", 1]]
  [1m[36mAppointment Create (2.4ms)[0m  [1m[32mINSERT INTO "appointments" ("date", "start_time", "end_time", "description", "user_id", "salon_id", "created_at", "updated_at") VALUES ($1, $2, $3, $4, $5, $6, $7, $8) RETURNING "id"[0m  [["date", "September 10, 2021"], ["start_time", "4:30pm"], ["end_time", "5:30pm"], ["description", "Need a cut"], ["user_id", 2], ["salon_id", 2], ["created_at", "2021-08-10 20:42:30.374225"], ["updated_at", "2021-08-10 20:42:30.374225"]]
  [1m[36mTRANSACTION (1.3ms)[0m  [1m[35mCOMMIT[0m
  [1m[36mTRANSACTION (0.2ms)[0m  [1m[35mBEGIN[0m
  [1m[36mSalon Load (0.3ms)[0m  [1m[34mSELECT "salons".* FROM "salons" WHERE "salons"."id" = $1 LIMIT $2[0m  [["id", 1], ["LIMIT", 1]]
  [1m[36mUser Load (0.6ms)[0m  [1m[34mSELECT "users".* FROM "users" WHERE "users"."id" = $1 LIMIT $2[0m  [["id", 1], ["LIMIT", 1]]
  [1m[36mReview Create (3.0ms)[0m  [1m[32mINSERT INTO "reviews" ("rating", "comment", "salon_id", "user_id", "created_at", "updated_at") VALUES ($1, $2, $3, $4, $5, $6) RETURNING "id"[0m  [["rating", 5], ["comment", "This is a great salon"], ["salon_id", 1], ["user_id", 1], ["created_at", "2021-08-10 20:42:30.443620"], ["updated_at", "2021-08-10 20:42:30.443620"]]
  [1m[36mTRANSACTION (1.4ms)[0m  [1m[35mCOMMIT[0m
  [1m[36mTRANSACTION (0.2ms)[0m  [1m[35mBEGIN[0m
  [1m[36mSalon Load (0.3ms)[0m  [1m[34mSELECT "salons".* FROM "salons" WHERE "salons"."id" = $1 LIMIT $2[0m  [["id", 2], ["LIMIT", 1]]
  [1m[36mUser Load (0.6ms)[0m  [1m[34mSELECT "users".* FROM "users" WHERE "users"."id" = $1 LIMIT $2[0m  [["id", 2], ["LIMIT", 1]]
  [1m[36mReview Create (0.8ms)[0m  [1m[32mINSERT INTO "reviews" ("rating", "comment", "salon_id", "user_id", "created_at", "updated_at") VALUES ($1, $2, $3, $4, $5, $6) RETURNING "id"[0m  [["rating", 3], ["comment", "Got the job done"], ["salon_id", 2], ["user_id", 2], ["created_at", "2021-08-10 20:42:30.457449"], ["updated_at", "2021-08-10 20:42:30.457449"]]
  [1m[36mTRANSACTION (1.4ms)[0m  [1m[35mCOMMIT[0m
  [1m[35m (3.5ms)[0m  [1m[34mSELECT "schema_migrations"."version" FROM "schema_migrations" ORDER BY "schema_migrations"."version" ASC[0m
  [1m[35m (0.7ms)[0m  [1m[34mSELECT "schema_migrations"."version" FROM "schema_migrations" ORDER BY "schema_migrations"."version" ASC[0m
  [1m[35m (0.6ms)[0m  [1m[34mSELECT "schema_migrations"."version" FROM "schema_migrations" ORDER BY "schema_migrations"."version" ASC[0m
  [1m[35m (1.5ms)[0m  [1m[34mSELECT pg_try_advisory_lock(3046397844150113145)[0m
  [1m[35m (0.4ms)[0m  [1m[34mSELECT "schema_migrations"."version" FROM "schema_migrations" ORDER BY "schema_migrations"."version" ASC[0m
Migrating to CreateReviews (20210810185909)
  [1m[36mTRANSACTION (44.7ms)[0m  [1m[35mBEGIN[0m
  [1m[35m (59.9ms)[0m  [1m[35mDROP TABLE "reviews"[0m
  [1m[36mActiveRecord::SchemaMigration Destroy (85.1ms)[0m  [1m[31mDELETE FROM "schema_migrations" WHERE "schema_migrations"."version" = $1[0m  [["version", "20210810185909"]]
  [1m[36mTRANSACTION (32.8ms)[0m  [1m[35mCOMMIT[0m
  [1m[35m (0.6ms)[0m  [1m[34mSELECT pg_advisory_unlock(3046397844150113145)[0m
  [1m[35m (1.1ms)[0m  [1m[34mSELECT "schema_migrations"."version" FROM "schema_migrations" ORDER BY "schema_migrations"."version" ASC[0m
  [1m[35m (1.1ms)[0m  [1m[34mSELECT "schema_migrations"."version" FROM "schema_migrations" ORDER BY "schema_migrations"."version" ASC[0m
  [1m[35m (0.4ms)[0m  [1m[34mSELECT "schema_migrations"."version" FROM "schema_migrations" ORDER BY "schema_migrations"."version" ASC[0m
  [1m[35m (0.4ms)[0m  [1m[34mSELECT "schema_migrations"."version" FROM "schema_migrations" ORDER BY "schema_migrations"."version" ASC[0m
  [1m[35m (0.3ms)[0m  [1m[34mSELECT pg_try_advisory_lock(3046397844150113145)[0m
  [1m[35m (0.4ms)[0m  [1m[34mSELECT "schema_migrations"."version" FROM "schema_migrations" ORDER BY "schema_migrations"."version" ASC[0m
Migrating to CreateServices (20210810185809)
  [1m[36mTRANSACTION (0.5ms)[0m  [1m[35mBEGIN[0m
  [1m[35m (50.8ms)[0m  [1m[35mDROP TABLE "services"[0m
  [1m[36mActiveRecord::SchemaMigration Destroy (1.7ms)[0m  [1m[31mDELETE FROM "schema_migrations" WHERE "schema_migrations"."version" = $1[0m  [["version", "20210810185809"]]
  [1m[36mTRANSACTION (48.1ms)[0m  [1m[35mCOMMIT[0m
  [1m[35m (0.6ms)[0m  [1m[34mSELECT pg_advisory_unlock(3046397844150113145)[0m
  [1m[35m (1.0ms)[0m  [1m[34mSELECT "schema_migrations"."version" FROM "schema_migrations" ORDER BY "schema_migrations"."version" ASC[0m
  [1m[35m (1.0ms)[0m  [1m[34mSELECT "schema_migrations"."version" FROM "schema_migrations" ORDER BY "schema_migrations"."version" ASC[0m
  [1m[35m (0.4ms)[0m  [1m[34mSELECT "schema_migrations"."version" FROM "schema_migrations" ORDER BY "schema_migrations"."version" ASC[0m
  [1m[35m (0.4ms)[0m  [1m[34mSELECT "schema_migrations"."version" FROM "schema_migrations" ORDER BY "schema_migrations"."version" ASC[0m
  [1m[35m (0.3ms)[0m  [1m[34mSELECT pg_try_advisory_lock(3046397844150113145)[0m
  [1m[35m (0.4ms)[0m  [1m[34mSELECT "schema_migrations"."version" FROM "schema_migrations" ORDER BY "schema_migrations"."version" ASC[0m
Migrating to CreateAppointments (20210810185558)
  [1m[36mTRANSACTION (0.3ms)[0m  [1m[35mBEGIN[0m
  [1m[35m (7.3ms)[0m  [1m[35mDROP TABLE "appointments"[0m
  [1m[36mActiveRecord::SchemaMigration Destroy (2.9ms)[0m  [1m[31mDELETE FROM "schema_migrations" WHERE "schema_migrations"."version" = $1[0m  [["version", "20210810185558"]]
  [1m[36mTRANSACTION (11.2ms)[0m  [1m[35mCOMMIT[0m
  [1m[35m (0.4ms)[0m  [1m[34mSELECT pg_advisory_unlock(3046397844150113145)[0m
  [1m[35m (1.0ms)[0m  [1m[34mSELECT "schema_migrations"."version" FROM "schema_migrations" ORDER BY "schema_migrations"."version" ASC[0m
  [1m[35m (1.0ms)[0m  [1m[34mSELECT "schema_migrations"."version" FROM "schema_migrations" ORDER BY "schema_migrations"."version" ASC[0m
  [1m[35m (0.4ms)[0m  [1m[34mSELECT "schema_migrations"."version" FROM "schema_migrations" ORDER BY "schema_migrations"."version" ASC[0m
  [1m[35m (0.4ms)[0m  [1m[34mSELECT "schema_migrations"."version" FROM "schema_migrations" ORDER BY "schema_migrations"."version" ASC[0m
  [1m[35m (0.3ms)[0m  [1m[34mSELECT pg_try_advisory_lock(3046397844150113145)[0m
  [1m[35m (0.4ms)[0m  [1m[34mSELECT "schema_migrations"."version" FROM "schema_migrations" ORDER BY "schema_migrations"."version" ASC[0m
Migrating to CreateSalons (20210810175314)
  [1m[36mTRANSACTION (0.3ms)[0m  [1m[35mBEGIN[0m
  [1m[35m (3.7ms)[0m  [1m[35mDROP TABLE "salons"[0m
  [1m[36mActiveRecord::SchemaMigration Destroy (5.8ms)[0m  [1m[31mDELETE FROM "schema_migrations" WHERE "schema_migrations"."version" = $1[0m  [["version", "20210810175314"]]
  [1m[36mTRANSACTION (8.1ms)[0m  [1m[35mCOMMIT[0m
  [1m[35m (0.6ms)[0m  [1m[34mSELECT pg_advisory_unlock(3046397844150113145)[0m
  [1m[35m (1.0ms)[0m  [1m[34mSELECT "schema_migrations"."version" FROM "schema_migrations" ORDER BY "schema_migrations"."version" ASC[0m
  [1m[35m (1.0ms)[0m  [1m[34mSELECT "schema_migrations"."version" FROM "schema_migrations" ORDER BY "schema_migrations"."version" ASC[0m
  [1m[35m (0.4ms)[0m  [1m[34mSELECT "schema_migrations"."version" FROM "schema_migrations" ORDER BY "schema_migrations"."version" ASC[0m
  [1m[35m (0.4ms)[0m  [1m[34mSELECT "schema_migrations"."version" FROM "schema_migrations" ORDER BY "schema_migrations"."version" ASC[0m
  [1m[35m (0.3ms)[0m  [1m[34mSELECT pg_try_advisory_lock(3046397844150113145)[0m
  [1m[35m (0.4ms)[0m  [1m[34mSELECT "schema_migrations"."version" FROM "schema_migrations" ORDER BY "schema_migrations"."version" ASC[0m
Migrating to CreateUsers (20210810174834)
  [1m[36mTRANSACTION (0.3ms)[0m  [1m[35mBEGIN[0m
  [1m[35m (44.7ms)[0m  [1m[35mDROP TABLE "users"[0m
  [1m[36mActiveRecord::SchemaMigration Destroy (1.9ms)[0m  [1m[31mDELETE FROM "schema_migrations" WHERE "schema_migrations"."version" = $1[0m  [["version", "20210810174834"]]
  [1m[36mTRANSACTION (8.8ms)[0m  [1m[35mCOMMIT[0m
  [1m[35m (0.4ms)[0m  [1m[34mSELECT pg_advisory_unlock(3046397844150113145)[0m
  [1m[35m (1.5ms)[0m  [1m[34mSELECT "schema_migrations"."version" FROM "schema_migrations" ORDER BY "schema_migrations"."version" ASC[0m
  [1m[35m (1.0ms)[0m  [1m[34mSELECT "schema_migrations"."version" FROM "schema_migrations" ORDER BY "schema_migrations"."version" ASC[0m
  [1m[35m (0.4ms)[0m  [1m[34mSELECT "schema_migrations"."version" FROM "schema_migrations" ORDER BY "schema_migrations"."version" ASC[0m
  [1m[35m (0.3ms)[0m  [1m[34mSELECT pg_try_advisory_lock(3046397844150113145)[0m
  [1m[35m (0.4ms)[0m  [1m[34mSELECT "schema_migrations"."version" FROM "schema_migrations" ORDER BY "schema_migrations"."version" ASC[0m
  [1m[35m (0.3ms)[0m  [1m[34mSELECT pg_advisory_unlock(3046397844150113145)[0m
  [1m[35m (1.0ms)[0m  [1m[34mSELECT "schema_migrations"."version" FROM "schema_migrations" ORDER BY "schema_migrations"."version" ASC[0m
  [1m[35m (0.5ms)[0m  [1m[34mSELECT pg_try_advisory_lock(3046397844150113145)[0m
  [1m[35m (1.0ms)[0m  [1m[34mSELECT "schema_migrations"."version" FROM "schema_migrations" ORDER BY "schema_migrations"."version" ASC[0m
Migrating to CreateUsers (20210810174834)
  [1m[36mTRANSACTION (2.4ms)[0m  [1m[35mBEGIN[0m
  [1m[35m (121.9ms)[0m  [1m[35mCREATE TABLE "users" ("id" bigserial primary key, "name" character varying, "user_name" character varying, "password_digest" character varying, "email" character varying, "admin" boolean, "created_at" timestamp(6) NOT NULL, "updated_at" timestamp(6) NOT NULL)[0m
  [1m[36mActiveRecord::SchemaMigration Create (4.0ms)[0m  [1m[32mINSERT INTO "schema_migrations" ("version") VALUES ($1) RETURNING "version"[0m  [["version", "20210810174834"]]
  [1m[36mTRANSACTION (1.8ms)[0m  [1m[35mCOMMIT[0m
Migrating to CreateSalons (20210810175314)
  [1m[36mTRANSACTION (1.6ms)[0m  [1m[35mBEGIN[0m
  [1m[35m (13.6ms)[0m  [1m[35mCREATE TABLE "salons" ("id" bigserial primary key, "name" character varying, "location" character varying, "specialize_in" character varying, "created_at" timestamp(6) NOT NULL, "updated_at" timestamp(6) NOT NULL)[0m
  [1m[36mActiveRecord::SchemaMigration Create (1.5ms)[0m  [1m[32mINSERT INTO "schema_migrations" ("version") VALUES ($1) RETURNING "version"[0m  [["version", "20210810175314"]]
  [1m[36mTRANSACTION (1.7ms)[0m  [1m[35mCOMMIT[0m
Migrating to CreateAppointments (20210810185558)
  [1m[36mTRANSACTION (40.5ms)[0m  [1m[35mBEGIN[0m
  [1m[35m (24.0ms)[0m  [1m[35mCREATE TABLE "appointments" ("id" bigserial primary key, "date" character varying, "start_time" character varying, "end_time" character varying, "description" character varying, "user_id" bigint NOT NULL, "salon_id" bigint NOT NULL, "created_at" timestamp(6) NOT NULL, "updated_at" timestamp(6) NOT NULL, CONSTRAINT "fk_rails_9e31213785"
FOREIGN KEY ("user_id")
  REFERENCES "users" ("id")
, CONSTRAINT "fk_rails_f298f85235"
FOREIGN KEY ("salon_id")
  REFERENCES "salons" ("id")
)[0m
  [1m[35m (2.2ms)[0m  [1m[35mCREATE INDEX "index_appointments_on_user_id" ON "appointments" ("user_id")[0m
  [1m[35m (2.2ms)[0m  [1m[35mCREATE INDEX "index_appointments_on_salon_id" ON "appointments" ("salon_id")[0m
  [1m[36mActiveRecord::SchemaMigration Create (2.3ms)[0m  [1m[32mINSERT INTO "schema_migrations" ("version") VALUES ($1) RETURNING "version"[0m  [["version", "20210810185558"]]
  [1m[36mTRANSACTION (1.4ms)[0m  [1m[35mCOMMIT[0m
Migrating to CreateServices (20210810185809)
  [1m[36mTRANSACTION (4.0ms)[0m  [1m[35mBEGIN[0m
  [1m[35m (9.0ms)[0m  [1m[35mCREATE TABLE "services" ("id" bigserial primary key, "name" character varying, "price" integer, "salon_id" bigint NOT NULL, "created_at" timestamp(6) NOT NULL, "updated_at" timestamp(6) NOT NULL, CONSTRAINT "fk_rails_3d3db8a612"
FOREIGN KEY ("salon_id")
  REFERENCES "salons" ("id")
)[0m
  [1m[35m (5.0ms)[0m  [1m[35mCREATE INDEX "index_services_on_salon_id" ON "services" ("salon_id")[0m
  [1m[36mActiveRecord::SchemaMigration Create (1.4ms)[0m  [1m[32mINSERT INTO "schema_migrations" ("version") VALUES ($1) RETURNING "version"[0m  [["version", "20210810185809"]]
  [1m[36mTRANSACTION (1.4ms)[0m  [1m[35mCOMMIT[0m
Migrating to CreateReviews (20210810185909)
  [1m[36mTRANSACTION (6.7ms)[0m  [1m[35mBEGIN[0m
  [1m[35m (13.6ms)[0m  [1m[35mCREATE TABLE "reviews" ("id" bigserial primary key, "rating" integer, "comment" character varying, "salon_id" bigint NOT NULL, "user_id" bigint NOT NULL, "created_at" timestamp(6) NOT NULL, "updated_at" timestamp(6) NOT NULL, CONSTRAINT "fk_rails_2ec3326a71"
FOREIGN KEY ("salon_id")
  REFERENCES "salons" ("id")
, CONSTRAINT "fk_rails_74a66bd6c5"
FOREIGN KEY ("user_id")
  REFERENCES "users" ("id")
)[0m
  [1m[35m (2.3ms)[0m  [1m[35mCREATE INDEX "index_reviews_on_salon_id" ON "reviews" ("salon_id")[0m
  [1m[35m (2.5ms)[0m  [1m[35mCREATE INDEX "index_reviews_on_user_id" ON "reviews" ("user_id")[0m
  [1m[36mActiveRecord::SchemaMigration Create (1.7ms)[0m  [1m[32mINSERT INTO "schema_migrations" ("version") VALUES ($1) RETURNING "version"[0m  [["version", "20210810185909"]]
  [1m[36mTRANSACTION (3.7ms)[0m  [1m[35mCOMMIT[0m
  [1m[36mActiveRecord::InternalMetadata Load (2.1ms)[0m  [1m[34mSELECT "ar_internal_metadata".* FROM "ar_internal_metadata" WHERE "ar_internal_metadata"."key" = $1 LIMIT $2[0m  [["key", "environment"], ["LIMIT", 1]]
  [1m[35m (0.5ms)[0m  [1m[34mSELECT pg_advisory_unlock(3046397844150113145)[0m
  [1m[35m (1.1ms)[0m  [1m[34mSELECT "schema_migrations"."version" FROM "schema_migrations" ORDER BY "schema_migrations"."version" ASC[0m
  [1m[35m (1.0ms)[0m  [1m[34mSELECT "schema_migrations"."version" FROM "schema_migrations" ORDER BY "schema_migrations"."version" ASC[0m
  [1m[36mUser Load (1.0ms)[0m  [1m[34mSELECT "users".* FROM "users"[0m
  [1m[36mSalon Load (0.7ms)[0m  [1m[34mSELECT "salons".* FROM "salons"[0m
  [1m[36mService Load (1.7ms)[0m  [1m[34mSELECT "services".* FROM "services"[0m
  [1m[36mAppointment Load (1.7ms)[0m  [1m[34mSELECT "appointments".* FROM "appointments"[0m
  [1m[36mReview Load (1.7ms)[0m  [1m[34mSELECT "reviews".* FROM "reviews"[0m
  [1m[35m (1.1ms)[0m  [1m[34mSELECT "schema_migrations"."version" FROM "schema_migrations" ORDER BY "schema_migrations"."version" ASC[0m
  [1m[36mUser Load (0.8ms)[0m  [1m[34mSELECT "users".* FROM "users"[0m
  [1m[36mSalon Load (0.7ms)[0m  [1m[34mSELECT "salons".* FROM "salons"[0m
  [1m[36mService Load (0.8ms)[0m  [1m[34mSELECT "services".* FROM "services"[0m
  [1m[36mAppointment Load (0.9ms)[0m  [1m[34mSELECT "appointments".* FROM "appointments"[0m
  [1m[36mReview Load (1.1ms)[0m  [1m[34mSELECT "reviews".* FROM "reviews"[0m
  [1m[35m (1.1ms)[0m  [1m[34mSELECT "schema_migrations"."version" FROM "schema_migrations" ORDER BY "schema_migrations"."version" ASC[0m
  [1m[35m (0.4ms)[0m  [1m[34mSELECT "schema_migrations"."version" FROM "schema_migrations" ORDER BY "schema_migrations"."version" ASC[0m
  [1m[35m (0.3ms)[0m  [1m[34mSELECT "schema_migrations"."version" FROM "schema_migrations" ORDER BY "schema_migrations"."version" ASC[0m
  [1m[35m (0.3ms)[0m  [1m[34mSELECT pg_try_advisory_lock(3046397844150113145)[0m
  [1m[35m (0.3ms)[0m  [1m[34mSELECT "schema_migrations"."version" FROM "schema_migrations" ORDER BY "schema_migrations"."version" ASC[0m
Migrating to CreateReviews (20210810185909)
  [1m[36mTRANSACTION (0.3ms)[0m  [1m[35mBEGIN[0m
  [1m[35m (13.3ms)[0m  [1m[35mDROP TABLE "reviews"[0m
  [1m[36mActiveRecord::SchemaMigration Destroy (3.3ms)[0m  [1m[31mDELETE FROM "schema_migrations" WHERE "schema_migrations"."version" = $1[0m  [["version", "20210810185909"]]
  [1m[36mTRANSACTION (8.2ms)[0m  [1m[35mCOMMIT[0m
  [1m[35m (0.4ms)[0m  [1m[34mSELECT pg_advisory_unlock(3046397844150113145)[0m
  [1m[35m (1.3ms)[0m  [1m[34mSELECT "schema_migrations"."version" FROM "schema_migrations" ORDER BY "schema_migrations"."version" ASC[0m
  [1m[35m (1.0ms)[0m  [1m[34mSELECT "schema_migrations"."version" FROM "schema_migrations" ORDER BY "schema_migrations"."version" ASC[0m
  [1m[35m (0.4ms)[0m  [1m[34mSELECT "schema_migrations"."version" FROM "schema_migrations" ORDER BY "schema_migrations"."version" ASC[0m
  [1m[35m (0.4ms)[0m  [1m[34mSELECT "schema_migrations"."version" FROM "schema_migrations" ORDER BY "schema_migrations"."version" ASC[0m
  [1m[35m (0.3ms)[0m  [1m[34mSELECT pg_try_advisory_lock(3046397844150113145)[0m
  [1m[35m (0.4ms)[0m  [1m[34mSELECT "schema_migrations"."version" FROM "schema_migrations" ORDER BY "schema_migrations"."version" ASC[0m
Migrating to CreateServices (20210810185809)
  [1m[36mTRANSACTION (0.2ms)[0m  [1m[35mBEGIN[0m
  [1m[35m (4.1ms)[0m  [1m[35mDROP TABLE "services"[0m
  [1m[36mActiveRecord::SchemaMigration Destroy (4.8ms)[0m  [1m[31mDELETE FROM "schema_migrations" WHERE "schema_migrations"."version" = $1[0m  [["version", "20210810185809"]]
  [1m[36mTRANSACTION (45.4ms)[0m  [1m[35mCOMMIT[0m
  [1m[35m (0.6ms)[0m  [1m[34mSELECT pg_advisory_unlock(3046397844150113145)[0m
  [1m[35m (1.1ms)[0m  [1m[34mSELECT "schema_migrations"."version" FROM "schema_migrations" ORDER BY "schema_migrations"."version" ASC[0m
  [1m[35m (1.0ms)[0m  [1m[34mSELECT "schema_migrations"."version" FROM "schema_migrations" ORDER BY "schema_migrations"."version" ASC[0m
  [1m[35m (0.4ms)[0m  [1m[34mSELECT "schema_migrations"."version" FROM "schema_migrations" ORDER BY "schema_migrations"."version" ASC[0m
  [1m[35m (0.4ms)[0m  [1m[34mSELECT "schema_migrations"."version" FROM "schema_migrations" ORDER BY "schema_migrations"."version" ASC[0m
  [1m[35m (0.3ms)[0m  [1m[34mSELECT pg_try_advisory_lock(3046397844150113145)[0m
  [1m[35m (0.4ms)[0m  [1m[34mSELECT "schema_migrations"."version" FROM "schema_migrations" ORDER BY "schema_migrations"."version" ASC[0m
Migrating to CreateAppointments (20210810185558)
  [1m[36mTRANSACTION (1.8ms)[0m  [1m[35mBEGIN[0m
  [1m[35m (11.2ms)[0m  [1m[35mDROP TABLE "appointments"[0m
  [1m[36mActiveRecord::SchemaMigration Destroy (1.3ms)[0m  [1m[31mDELETE FROM "schema_migrations" WHERE "schema_migrations"."version" = $1[0m  [["version", "20210810185558"]]
  [1m[36mTRANSACTION (7.4ms)[0m  [1m[35mCOMMIT[0m
  [1m[35m (0.9ms)[0m  [1m[34mSELECT pg_advisory_unlock(3046397844150113145)[0m
  [1m[35m (1.3ms)[0m  [1m[34mSELECT "schema_migrations"."version" FROM "schema_migrations" ORDER BY "schema_migrations"."version" ASC[0m
  [1m[35m (1.1ms)[0m  [1m[34mSELECT "schema_migrations"."version" FROM "schema_migrations" ORDER BY "schema_migrations"."version" ASC[0m
  [1m[35m (0.4ms)[0m  [1m[34mSELECT "schema_migrations"."version" FROM "schema_migrations" ORDER BY "schema_migrations"."version" ASC[0m
  [1m[35m (0.3ms)[0m  [1m[34mSELECT "schema_migrations"."version" FROM "schema_migrations" ORDER BY "schema_migrations"."version" ASC[0m
  [1m[35m (0.3ms)[0m  [1m[34mSELECT pg_try_advisory_lock(3046397844150113145)[0m
  [1m[35m (0.4ms)[0m  [1m[34mSELECT "schema_migrations"."version" FROM "schema_migrations" ORDER BY "schema_migrations"."version" ASC[0m
Migrating to CreateSalons (20210810175314)
  [1m[36mTRANSACTION (0.4ms)[0m  [1m[35mBEGIN[0m
  [1m[35m (3.4ms)[0m  [1m[35mDROP TABLE "salons"[0m
  [1m[36mActiveRecord::SchemaMigration Destroy (5.6ms)[0m  [1m[31mDELETE FROM "schema_migrations" WHERE "schema_migrations"."version" = $1[0m  [["version", "20210810175314"]]
  [1m[36mTRANSACTION (4.4ms)[0m  [1m[35mCOMMIT[0m
  [1m[35m (0.4ms)[0m  [1m[34mSELECT pg_advisory_unlock(3046397844150113145)[0m
  [1m[35m (1.6ms)[0m  [1m[34mSELECT "schema_migrations"."version" FROM "schema_migrations" ORDER BY "schema_migrations"."version" ASC[0m
  [1m[35m (1.1ms)[0m  [1m[34mSELECT "schema_migrations"."version" FROM "schema_migrations" ORDER BY "schema_migrations"."version" ASC[0m
  [1m[35m (0.4ms)[0m  [1m[34mSELECT "schema_migrations"."version" FROM "schema_migrations" ORDER BY "schema_migrations"."version" ASC[0m
  [1m[35m (0.3ms)[0m  [1m[34mSELECT "schema_migrations"."version" FROM "schema_migrations" ORDER BY "schema_migrations"."version" ASC[0m
  [1m[35m (0.4ms)[0m  [1m[34mSELECT pg_try_advisory_lock(3046397844150113145)[0m
  [1m[35m (0.4ms)[0m  [1m[34mSELECT "schema_migrations"."version" FROM "schema_migrations" ORDER BY "schema_migrations"."version" ASC[0m
Migrating to CreateUsers (20210810174834)
  [1m[36mTRANSACTION (0.4ms)[0m  [1m[35mBEGIN[0m
  [1m[35m (3.4ms)[0m  [1m[35mDROP TABLE "users"[0m
  [1m[36mActiveRecord::SchemaMigration Destroy (2.6ms)[0m  [1m[31mDELETE FROM "schema_migrations" WHERE "schema_migrations"."version" = $1[0m  [["version", "20210810174834"]]
  [1m[36mTRANSACTION (5.7ms)[0m  [1m[35mCOMMIT[0m
  [1m[35m (0.3ms)[0m  [1m[34mSELECT pg_advisory_unlock(3046397844150113145)[0m
  [1m[35m (1.1ms)[0m  [1m[34mSELECT "schema_migrations"."version" FROM "schema_migrations" ORDER BY "schema_migrations"."version" ASC[0m
  [1m[35m (1.0ms)[0m  [1m[34mSELECT "schema_migrations"."version" FROM "schema_migrations" ORDER BY "schema_migrations"."version" ASC[0m
  [1m[35m (0.4ms)[0m  [1m[34mSELECT "schema_migrations"."version" FROM "schema_migrations" ORDER BY "schema_migrations"."version" ASC[0m
  [1m[35m (0.3ms)[0m  [1m[34mSELECT pg_try_advisory_lock(3046397844150113145)[0m
  [1m[35m (0.4ms)[0m  [1m[34mSELECT "schema_migrations"."version" FROM "schema_migrations" ORDER BY "schema_migrations"."version" ASC[0m
  [1m[35m (0.3ms)[0m  [1m[34mSELECT pg_advisory_unlock(3046397844150113145)[0m
  [1m[35m (1.3ms)[0m  [1m[34mSELECT "schema_migrations"."version" FROM "schema_migrations" ORDER BY "schema_migrations"."version" ASC[0m
  [1m[35m (0.3ms)[0m  [1m[34mSELECT pg_try_advisory_lock(3046397844150113145)[0m
  [1m[35m (1.0ms)[0m  [1m[34mSELECT "schema_migrations"."version" FROM "schema_migrations" ORDER BY "schema_migrations"."version" ASC[0m
Migrating to CreateSalons (20210810175314)
  [1m[36mTRANSACTION (2.2ms)[0m  [1m[35mBEGIN[0m
  [1m[35m (17.2ms)[0m  [1m[35mCREATE TABLE "salons" ("id" bigserial primary key, "name" character varying, "location" character varying, "specialize_in" character varying, "created_at" timestamp(6) NOT NULL, "updated_at" timestamp(6) NOT NULL)[0m
  [1m[36mActiveRecord::SchemaMigration Create (0.5ms)[0m  [1m[32mINSERT INTO "schema_migrations" ("version") VALUES ($1) RETURNING "version"[0m  [["version", "20210810175314"]]
  [1m[36mTRANSACTION (2.3ms)[0m  [1m[35mCOMMIT[0m
Migrating to CreateAppointments (20210810185558)
  [1m[36mTRANSACTION (1.2ms)[0m  [1m[35mBEGIN[0m
  [1m[35m (16.2ms)[0m  [1m[35mCREATE TABLE "appointments" ("id" bigserial primary key, "date" character varying, "start_time" character varying, "end_time" character varying, "description" character varying, "user_id" bigint NOT NULL, "salon_id" bigint NOT NULL, "created_at" timestamp(6) NOT NULL, "updated_at" timestamp(6) NOT NULL, CONSTRAINT "fk_rails_9e31213785"
FOREIGN KEY ("user_id")
  REFERENCES "users" ("id")
, CONSTRAINT "fk_rails_f298f85235"
FOREIGN KEY ("salon_id")
  REFERENCES "salons" ("id")
)[0m
  [1m[36mTRANSACTION (0.4ms)[0m  [1m[31mROLLBACK[0m
  [1m[35m (0.4ms)[0m  [1m[34mSELECT pg_advisory_unlock(3046397844150113145)[0m
  [1m[35m (0.3ms)[0m  [1m[34mSELECT pg_try_advisory_lock(3046397844150113145)[0m
  [1m[35m (44.6ms)[0m  [1m[34mSELECT "schema_migrations"."version" FROM "schema_migrations" ORDER BY "schema_migrations"."version" ASC[0m
Migrating to CreateServices (20210810185809)
  [1m[36mTRANSACTION (1.3ms)[0m  [1m[35mBEGIN[0m
  [1m[35m (64.5ms)[0m  [1m[35mCREATE TABLE "services" ("id" bigserial primary key, "name" character varying, "price" integer, "salon_id" bigint NOT NULL, "created_at" timestamp(6) NOT NULL, "updated_at" timestamp(6) NOT NULL, CONSTRAINT "fk_rails_3d3db8a612"
FOREIGN KEY ("salon_id")
  REFERENCES "salons" ("id")
)[0m
  [1m[35m (2.6ms)[0m  [1m[35mCREATE INDEX "index_services_on_salon_id" ON "services" ("salon_id")[0m
  [1m[36mActiveRecord::SchemaMigration Create (0.7ms)[0m  [1m[32mINSERT INTO "schema_migrations" ("version") VALUES ($1) RETURNING "version"[0m  [["version", "20210810185809"]]
  [1m[36mTRANSACTION (1.6ms)[0m  [1m[35mCOMMIT[0m
Migrating to CreateReviews (20210810185909)
  [1m[36mTRANSACTION (41.1ms)[0m  [1m[35mBEGIN[0m
  [1m[35m (25.7ms)[0m  [1m[35mCREATE TABLE "reviews" ("id" bigserial primary key, "rating" integer, "comment" character varying, "salon_id" bigint NOT NULL, "user_id" bigint NOT NULL, "created_at" timestamp(6) NOT NULL, "updated_at" timestamp(6) NOT NULL, CONSTRAINT "fk_rails_2ec3326a71"
FOREIGN KEY ("salon_id")
  REFERENCES "salons" ("id")
, CONSTRAINT "fk_rails_74a66bd6c5"
FOREIGN KEY ("user_id")
  REFERENCES "users" ("id")
)[0m
  [1m[36mTRANSACTION (0.2ms)[0m  [1m[31mROLLBACK[0m
  [1m[35m (0.4ms)[0m  [1m[34mSELECT pg_advisory_unlock(3046397844150113145)[0m
  [1m[35m (1.2ms)[0m  [1m[34mSELECT "schema_migrations"."version" FROM "schema_migrations" ORDER BY "schema_migrations"."version" ASC[0m
  [1m[35m (0.4ms)[0m  [1m[34mSELECT "schema_migrations"."version" FROM "schema_migrations" ORDER BY "schema_migrations"."version" ASC[0m
  [1m[35m (0.4ms)[0m  [1m[34mSELECT "schema_migrations"."version" FROM "schema_migrations" ORDER BY "schema_migrations"."version" ASC[0m
  [1m[35m (0.3ms)[0m  [1m[34mSELECT pg_try_advisory_lock(3046397844150113145)[0m
  [1m[35m (0.4ms)[0m  [1m[34mSELECT "schema_migrations"."version" FROM "schema_migrations" ORDER BY "schema_migrations"."version" ASC[0m
Migrating to CreateServices (20210810185809)
  [1m[36mTRANSACTION (2.6ms)[0m  [1m[35mBEGIN[0m
  [1m[35m (6.2ms)[0m  [1m[35mDROP TABLE "services"[0m
  [1m[36mActiveRecord::SchemaMigration Destroy (0.7ms)[0m  [1m[31mDELETE FROM "schema_migrations" WHERE "schema_migrations"."version" = $1[0m  [["version", "20210810185809"]]
  [1m[36mTRANSACTION (46.6ms)[0m  [1m[35mCOMMIT[0m
  [1m[35m (0.6ms)[0m  [1m[34mSELECT pg_advisory_unlock(3046397844150113145)[0m
  [1m[35m (1.1ms)[0m  [1m[34mSELECT "schema_migrations"."version" FROM "schema_migrations" ORDER BY "schema_migrations"."version" ASC[0m
  [1m[35m (1.1ms)[0m  [1m[34mSELECT "schema_migrations"."version" FROM "schema_migrations" ORDER BY "schema_migrations"."version" ASC[0m
  [1m[35m (0.5ms)[0m  [1m[34mSELECT "schema_migrations"."version" FROM "schema_migrations" ORDER BY "schema_migrations"."version" ASC[0m
  [1m[35m (0.4ms)[0m  [1m[34mSELECT "schema_migrations"."version" FROM "schema_migrations" ORDER BY "schema_migrations"."version" ASC[0m
  [1m[35m (0.4ms)[0m  [1m[34mSELECT pg_try_advisory_lock(3046397844150113145)[0m
  [1m[35m (0.4ms)[0m  [1m[34mSELECT "schema_migrations"."version" FROM "schema_migrations" ORDER BY "schema_migrations"."version" ASC[0m
Migrating to CreateSalons (20210810175314)
  [1m[36mTRANSACTION (3.6ms)[0m  [1m[35mBEGIN[0m
  [1m[35m (5.1ms)[0m  [1m[35mDROP TABLE "salons"[0m
  [1m[36mActiveRecord::SchemaMigration Destroy (1.2ms)[0m  [1m[31mDELETE FROM "schema_migrations" WHERE "schema_migrations"."version" = $1[0m  [["version", "20210810175314"]]
  [1m[36mTRANSACTION (45.5ms)[0m  [1m[35mCOMMIT[0m
  [1m[35m (1.0ms)[0m  [1m[34mSELECT pg_advisory_unlock(3046397844150113145)[0m
  [1m[35m (1.2ms)[0m  [1m[34mSELECT "schema_migrations"."version" FROM "schema_migrations" ORDER BY "schema_migrations"."version" ASC[0m
  [1m[35m (1.0ms)[0m  [1m[34mSELECT "schema_migrations"."version" FROM "schema_migrations" ORDER BY "schema_migrations"."version" ASC[0m
  [1m[35m (0.3ms)[0m  [1m[34mSELECT "schema_migrations"."version" FROM "schema_migrations" ORDER BY "schema_migrations"."version" ASC[0m
  [1m[35m (0.3ms)[0m  [1m[34mSELECT pg_try_advisory_lock(3046397844150113145)[0m
  [1m[35m (0.4ms)[0m  [1m[34mSELECT "schema_migrations"."version" FROM "schema_migrations" ORDER BY "schema_migrations"."version" ASC[0m
  [1m[35m (0.3ms)[0m  [1m[34mSELECT pg_advisory_unlock(3046397844150113145)[0m
  [1m[35m (1.2ms)[0m  [1m[34mSELECT "schema_migrations"."version" FROM "schema_migrations" ORDER BY "schema_migrations"."version" ASC[0m
  [1m[35m (0.3ms)[0m  [1m[34mSELECT pg_try_advisory_lock(3046397844150113145)[0m
  [1m[35m (1.1ms)[0m  [1m[34mSELECT "schema_migrations"."version" FROM "schema_migrations" ORDER BY "schema_migrations"."version" ASC[0m
Migrating to CreateSalons (20210810175314)
  [1m[36mTRANSACTION (2.1ms)[0m  [1m[35mBEGIN[0m
  [1m[35m (56.0ms)[0m  [1m[35mCREATE TABLE "salons" ("id" bigserial primary key, "name" character varying, "location" character varying, "specialize_in" character varying, "created_at" timestamp(6) NOT NULL, "updated_at" timestamp(6) NOT NULL)[0m
  [1m[36mActiveRecord::SchemaMigration Create (2.9ms)[0m  [1m[32mINSERT INTO "schema_migrations" ("version") VALUES ($1) RETURNING "version"[0m  [["version", "20210810175314"]]
  [1m[36mTRANSACTION (2.4ms)[0m  [1m[35mCOMMIT[0m
Migrating to CreateServices (20210810185809)
  [1m[36mTRANSACTION (1.4ms)[0m  [1m[35mBEGIN[0m
  [1m[35m (14.8ms)[0m  [1m[35mCREATE TABLE "services" ("id" bigserial primary key, "name" character varying, "price" integer, "salon_id" bigint NOT NULL, "created_at" timestamp(6) NOT NULL, "updated_at" timestamp(6) NOT NULL, CONSTRAINT "fk_rails_3d3db8a612"
FOREIGN KEY ("salon_id")
  REFERENCES "salons" ("id")
)[0m
  [1m[35m (2.5ms)[0m  [1m[35mCREATE INDEX "index_services_on_salon_id" ON "services" ("salon_id")[0m
  [1m[36mActiveRecord::SchemaMigration Create (3.4ms)[0m  [1m[32mINSERT INTO "schema_migrations" ("version") VALUES ($1) RETURNING "version"[0m  [["version", "20210810185809"]]
  [1m[36mTRANSACTION (1.4ms)[0m  [1m[35mCOMMIT[0m
Migrating to CreateReviews (20210810185909)
  [1m[36mTRANSACTION (42.0ms)[0m  [1m[35mBEGIN[0m
  [1m[35m (20.3ms)[0m  [1m[35mCREATE TABLE "reviews" ("id" bigserial primary key, "rating" integer, "comment" character varying, "salon_id" bigint NOT NULL, "user_id" bigint NOT NULL, "created_at" timestamp(6) NOT NULL, "updated_at" timestamp(6) NOT NULL, CONSTRAINT "fk_rails_2ec3326a71"
FOREIGN KEY ("salon_id")
  REFERENCES "salons" ("id")
, CONSTRAINT "fk_rails_74a66bd6c5"
FOREIGN KEY ("user_id")
  REFERENCES "users" ("id")
)[0m
  [1m[36mTRANSACTION (0.2ms)[0m  [1m[31mROLLBACK[0m
  [1m[35m (0.4ms)[0m  [1m[34mSELECT pg_advisory_unlock(3046397844150113145)[0m
  [1m[35m (0.3ms)[0m  [1m[34mSELECT pg_try_advisory_lock(3046397844150113145)[0m
  [1m[35m (1.4ms)[0m  [1m[34mSELECT "schema_migrations"."version" FROM "schema_migrations" ORDER BY "schema_migrations"."version" ASC[0m
Migrating to CreateUsers (20210811010748)
  [1m[36mTRANSACTION (2.1ms)[0m  [1m[35mBEGIN[0m
  [1m[35m (22.5ms)[0m  [1m[35mCREATE TABLE "users" ("id" bigserial primary key, "name" character varying, "user_name" character varying, "password_digest" character varying, "email" character varying, "admin" boolean, "created_at" timestamp(6) NOT NULL, "updated_at" timestamp(6) NOT NULL)[0m
  [1m[36mActiveRecord::SchemaMigration Create (0.5ms)[0m  [1m[32mINSERT INTO "schema_migrations" ("version") VALUES ($1) RETURNING "version"[0m  [["version", "20210811010748"]]
  [1m[36mTRANSACTION (1.6ms)[0m  [1m[35mCOMMIT[0m
Migrating to CreateAppointments (20210811011122)
  [1m[36mTRANSACTION (40.3ms)[0m  [1m[35mBEGIN[0m
  [1m[35m (19.6ms)[0m  [1m[35mCREATE TABLE "appointments" ("id" bigserial primary key, "date" character varying, "start_time" character varying, "end_time" character varying, "description" character varying, "user_id" bigint NOT NULL, "salon_id" bigint NOT NULL, "created_at" timestamp(6) NOT NULL, "updated_at" timestamp(6) NOT NULL, CONSTRAINT "fk_rails_9e31213785"
FOREIGN KEY ("user_id")
  REFERENCES "users" ("id")
, CONSTRAINT "fk_rails_f298f85235"
FOREIGN KEY ("salon_id")
  REFERENCES "salons" ("id")
)[0m
  [1m[35m (3.7ms)[0m  [1m[35mCREATE INDEX "index_appointments_on_user_id" ON "appointments" ("user_id")[0m
  [1m[35m (2.7ms)[0m  [1m[35mCREATE INDEX "index_appointments_on_salon_id" ON "appointments" ("salon_id")[0m
  [1m[36mActiveRecord::SchemaMigration Create (1.2ms)[0m  [1m[32mINSERT INTO "schema_migrations" ("version") VALUES ($1) RETURNING "version"[0m  [["version", "20210811011122"]]
  [1m[36mTRANSACTION (1.6ms)[0m  [1m[35mCOMMIT[0m
Migrating to CreateReviews (20210811011352)
  [1m[36mTRANSACTION (224.9ms)[0m  [1m[35mBEGIN[0m
  [1m[35m (15.4ms)[0m  [1m[35mCREATE TABLE "reviews" ("id" bigserial primary key, "rating" integer, "comment" character varying, "salon_id" bigint NOT NULL, "user_id" bigint NOT NULL, "created_at" timestamp(6) NOT NULL, "updated_at" timestamp(6) NOT NULL, CONSTRAINT "fk_rails_2ec3326a71"
FOREIGN KEY ("salon_id")
  REFERENCES "salons" ("id")
, CONSTRAINT "fk_rails_74a66bd6c5"
FOREIGN KEY ("user_id")
  REFERENCES "users" ("id")
)[0m
  [1m[35m (3.1ms)[0m  [1m[35mCREATE INDEX "index_reviews_on_salon_id" ON "reviews" ("salon_id")[0m
  [1m[35m (23.5ms)[0m  [1m[35mCREATE INDEX "index_reviews_on_user_id" ON "reviews" ("user_id")[0m
  [1m[36mActiveRecord::SchemaMigration Create (6.9ms)[0m  [1m[32mINSERT INTO "schema_migrations" ("version") VALUES ($1) RETURNING "version"[0m  [["version", "20210811011352"]]
  [1m[36mTRANSACTION (6.6ms)[0m  [1m[35mCOMMIT[0m
  [1m[36mActiveRecord::InternalMetadata Load (1.4ms)[0m  [1m[34mSELECT "ar_internal_metadata".* FROM "ar_internal_metadata" WHERE "ar_internal_metadata"."key" = $1 LIMIT $2[0m  [["key", "environment"], ["LIMIT", 1]]
  [1m[35m (0.7ms)[0m  [1m[34mSELECT pg_advisory_unlock(3046397844150113145)[0m
  [1m[35m (1.1ms)[0m  [1m[34mSELECT "schema_migrations"."version" FROM "schema_migrations" ORDER BY "schema_migrations"."version" ASC[0m
  [1m[35m (1.1ms)[0m  [1m[34mSELECT "schema_migrations"."version" FROM "schema_migrations" ORDER BY "schema_migrations"."version" ASC[0m
  [1m[36mUser Load (2.4ms)[0m  [1m[34mSELECT "users".* FROM "users"[0m
  [1m[36mSalon Load (39.9ms)[0m  [1m[34mSELECT "salons".* FROM "salons"[0m
  [1m[36mService Load (28.5ms)[0m  [1m[34mSELECT "services".* FROM "services"[0m
  [1m[36mAppointment Load (30.8ms)[0m  [1m[34mSELECT "appointments".* FROM "appointments"[0m
  [1m[36mReview Load (45.8ms)[0m  [1m[34mSELECT "reviews".* FROM "reviews"[0m
  [1m[36mTRANSACTION (0.2ms)[0m  [1m[35mBEGIN[0m
  [1m[36mUser Create (45.1ms)[0m  [1m[32mINSERT INTO "users" ("name", "user_name", "password_digest", "email", "admin", "created_at", "updated_at") VALUES ($1, $2, $3, $4, $5, $6, $7) RETURNING "id"[0m  [["name", "Shevon"], ["user_name", "Shev"], ["password_digest", "12345"], ["email", "s@d.com"], ["admin", false], ["created_at", "2021-08-11 01:14:15.962119"], ["updated_at", "2021-08-11 01:14:15.962119"]]
  [1m[36mTRANSACTION (1.6ms)[0m  [1m[35mCOMMIT[0m
  [1m[36mTRANSACTION (0.5ms)[0m  [1m[35mBEGIN[0m
  [1m[36mUser Create (0.9ms)[0m  [1m[32mINSERT INTO "users" ("name", "user_name", "password_digest", "email", "admin", "created_at", "updated_at") VALUES ($1, $2, $3, $4, $5, $6, $7) RETURNING "id"[0m  [["name", "Corletta"], ["user_name", "Letta"], ["password_digest", "12345"], ["email", "c@d.com"], ["admin", true], ["created_at", "2021-08-11 01:14:16.014580"], ["updated_at", "2021-08-11 01:14:16.014580"]]
  [1m[36mTRANSACTION (1.4ms)[0m  [1m[35mCOMMIT[0m
  [1m[36mTRANSACTION (3.7ms)[0m  [1m[35mBEGIN[0m
  [1m[36mSalon Create (0.9ms)[0m  [1m[32mINSERT INTO "salons" ("name", "location", "specialize_in", "created_at", "updated_at") VALUES ($1, $2, $3, $4, $5) RETURNING "id"[0m  [["name", "Beauty Parlor"], ["location", "123 Main Rd, Brooklyn NY"], ["specialize_in", "[\"blowout\", \"braids\"]"], ["created_at", "2021-08-11 01:14:16.036176"], ["updated_at", "2021-08-11 01:14:16.036176"]]
  [1m[36mTRANSACTION (41.5ms)[0m  [1m[35mCOMMIT[0m
  [1m[36mTRANSACTION (0.3ms)[0m  [1m[35mBEGIN[0m
  [1m[36mSalon Create (0.8ms)[0m  [1m[32mINSERT INTO "salons" ("name", "location", "specialize_in", "created_at", "updated_at") VALUES ($1, $2, $3, $4, $5) RETURNING "id"[0m  [["name", "Tress Galore"], ["location", "567 Main Rd, Brooklyn NY"], ["specialize_in", "[\"color\", \"cut\", \"styling\"]"], ["created_at", "2021-08-11 01:14:16.087635"], ["updated_at", "2021-08-11 01:14:16.087635"]]
  [1m[36mTRANSACTION (1.6ms)[0m  [1m[35mCOMMIT[0m
  [1m[36mTRANSACTION (0.7ms)[0m  [1m[35mBEGIN[0m
  [1m[36mSalon Load (0.3ms)[0m  [1m[34mSELECT "salons".* FROM "salons" WHERE "salons"."id" = $1 LIMIT $2[0m  [["id", 2], ["LIMIT", 1]]
  [1m[36mService Create (46.6ms)[0m  [1m[32mINSERT INTO "services" ("name", "price", "salon_id", "created_at", "updated_at") VALUES ($1, $2, $3, $4, $5) RETURNING "id"[0m  [["name", "Blowout"], ["price", 30], ["salon_id", 2], ["created_at", "2021-08-11 01:14:16.136330"], ["updated_at", "2021-08-11 01:14:16.136330"]]
  [1m[36mTRANSACTION (1.9ms)[0m  [1m[35mCOMMIT[0m
  [1m[36mTRANSACTION (0.3ms)[0m  [1m[35mBEGIN[0m
  [1m[36mSalon Load (0.6ms)[0m  [1m[34mSELECT "salons".* FROM "salons" WHERE "salons"."id" = $1 LIMIT $2[0m  [["id", 2], ["LIMIT", 1]]
  [1m[36mService Create (1.1ms)[0m  [1m[32mINSERT INTO "services" ("name", "price", "salon_id", "created_at", "updated_at") VALUES ($1, $2, $3, $4, $5) RETURNING "id"[0m  [["name", "Braids"], ["price", 60], ["salon_id", 2], ["created_at", "2021-08-11 01:14:16.194298"], ["updated_at", "2021-08-11 01:14:16.194298"]]
  [1m[36mTRANSACTION (1.4ms)[0m  [1m[35mCOMMIT[0m
  [1m[36mTRANSACTION (0.3ms)[0m  [1m[35mBEGIN[0m
  [1m[36mSalon Load (0.4ms)[0m  [1m[34mSELECT "salons".* FROM "salons" WHERE "salons"."id" = $1 LIMIT $2[0m  [["id", 1], ["LIMIT", 1]]
  [1m[36mService Create (0.6ms)[0m  [1m[32mINSERT INTO "services" ("name", "price", "salon_id", "created_at", "updated_at") VALUES ($1, $2, $3, $4, $5) RETURNING "id"[0m  [["name", "Color"], ["price", 150], ["salon_id", 1], ["created_at", "2021-08-11 01:14:16.204542"], ["updated_at", "2021-08-11 01:14:16.204542"]]
  [1m[36mTRANSACTION (1.5ms)[0m  [1m[35mCOMMIT[0m
  [1m[36mTRANSACTION (0.2ms)[0m  [1m[35mBEGIN[0m
  [1m[36mSalon Load (0.3ms)[0m  [1m[34mSELECT "salons".* FROM "salons" WHERE "salons"."id" = $1 LIMIT $2[0m  [["id", 1], ["LIMIT", 1]]
  [1m[36mService Create (0.6ms)[0m  [1m[32mINSERT INTO "services" ("name", "price", "salon_id", "created_at", "updated_at") VALUES ($1, $2, $3, $4, $5) RETURNING "id"[0m  [["name", "Silk Press"], ["price", 100], ["salon_id", 1], ["created_at", "2021-08-11 01:14:16.211817"], ["updated_at", "2021-08-11 01:14:16.211817"]]
  [1m[36mTRANSACTION (1.4ms)[0m  [1m[35mCOMMIT[0m
  [1m[36mTRANSACTION (0.2ms)[0m  [1m[35mBEGIN[0m
  [1m[36mSalon Load (0.3ms)[0m  [1m[34mSELECT "salons".* FROM "salons" WHERE "salons"."id" = $1 LIMIT $2[0m  [["id", 1], ["LIMIT", 1]]
  [1m[36mService Create (0.6ms)[0m  [1m[32mINSERT INTO "services" ("name", "price", "salon_id", "created_at", "updated_at") VALUES ($1, $2, $3, $4, $5) RETURNING "id"[0m  [["name", "Cut"], ["price", 40], ["salon_id", 1], ["created_at", "2021-08-11 01:14:16.219370"], ["updated_at", "2021-08-11 01:14:16.219370"]]
  [1m[36mTRANSACTION (1.3ms)[0m  [1m[35mCOMMIT[0m
  [1m[36mTRANSACTION (0.2ms)[0m  [1m[35mBEGIN[0m
  [1m[36mUser Load (0.3ms)[0m  [1m[34mSELECT "users".* FROM "users" WHERE "users"."id" = $1 LIMIT $2[0m  [["id", 1], ["LIMIT", 1]]
  [1m[36mSalon Load (0.4ms)[0m  [1m[34mSELECT "salons".* FROM "salons" WHERE "salons"."id" = $1 LIMIT $2[0m  [["id", 1], ["LIMIT", 1]]
  [1m[36mAppointment Create (1.2ms)[0m  [1m[32mINSERT INTO "appointments" ("date", "start_time", "end_time", "description", "user_id", "salon_id", "created_at", "updated_at") VALUES ($1, $2, $3, $4, $5, $6, $7, $8) RETURNING "id"[0m  [["date", "September 3, 2021"], ["start_time", "1:30pm"], ["end_time", "2:30pm"], ["description", "Need a blowout"], ["user_id", 1], ["salon_id", 1], ["created_at", "2021-08-11 01:14:16.250262"], ["updated_at", "2021-08-11 01:14:16.250262"]]
  [1m[36mTRANSACTION (41.7ms)[0m  [1m[35mCOMMIT[0m
  [1m[36mTRANSACTION (0.4ms)[0m  [1m[35mBEGIN[0m
  [1m[36mUser Load (0.6ms)[0m  [1m[34mSELECT "users".* FROM "users" WHERE "users"."id" = $1 LIMIT $2[0m  [["id", 2], ["LIMIT", 1]]
  [1m[36mSalon Load (0.4ms)[0m  [1m[34mSELECT "salons".* FROM "salons" WHERE "salons"."id" = $1 LIMIT $2[0m  [["id", 2], ["LIMIT", 1]]
  [1m[36mAppointment Create (1.7ms)[0m  [1m[32mINSERT INTO "appointments" ("date", "start_time", "end_time", "description", "user_id", "salon_id", "created_at", "updated_at") VALUES ($1, $2, $3, $4, $5, $6, $7, $8) RETURNING "id"[0m  [["date", "September 10, 2021"], ["start_time", "4:30pm"], ["end_time", "5:30pm"], ["description", "Need a cut"], ["user_id", 2], ["salon_id", 2], ["created_at", "2021-08-11 01:14:16.305487"], ["updated_at", "2021-08-11 01:14:16.305487"]]
  [1m[36mTRANSACTION (1.5ms)[0m  [1m[35mCOMMIT[0m
  [1m[36mTRANSACTION (0.7ms)[0m  [1m[35mBEGIN[0m
  [1m[36mSalon Load (0.3ms)[0m  [1m[34mSELECT "salons".* FROM "salons" WHERE "salons"."id" = $1 LIMIT $2[0m  [["id", 1], ["LIMIT", 1]]
  [1m[36mUser Load (0.4ms)[0m  [1m[34mSELECT "users".* FROM "users" WHERE "users"."id" = $1 LIMIT $2[0m  [["id", 1], ["LIMIT", 1]]
  [1m[36mReview Create (1.2ms)[0m  [1m[32mINSERT INTO "reviews" ("rating", "comment", "salon_id", "user_id", "created_at", "updated_at") VALUES ($1, $2, $3, $4, $5, $6) RETURNING "id"[0m  [["rating", 5], ["comment", "This is a great salon"], ["salon_id", 1], ["user_id", 1], ["created_at", "2021-08-11 01:14:16.341300"], ["updated_at", "2021-08-11 01:14:16.341300"]]
  [1m[36mTRANSACTION (40.8ms)[0m  [1m[35mCOMMIT[0m
  [1m[36mTRANSACTION (0.3ms)[0m  [1m[35mBEGIN[0m
  [1m[36mSalon Load (0.4ms)[0m  [1m[34mSELECT "salons".* FROM "salons" WHERE "salons"."id" = $1 LIMIT $2[0m  [["id", 2], ["LIMIT", 1]]
  [1m[36mUser Load (0.6ms)[0m  [1m[34mSELECT "users".* FROM "users" WHERE "users"."id" = $1 LIMIT $2[0m  [["id", 2], ["LIMIT", 1]]
  [1m[36mReview Create (1.3ms)[0m  [1m[32mINSERT INTO "reviews" ("rating", "comment", "salon_id", "user_id", "created_at", "updated_at") VALUES ($1, $2, $3, $4, $5, $6) RETURNING "id"[0m  [["rating", 3], ["comment", "Got the job done"], ["salon_id", 2], ["user_id", 2], ["created_at", "2021-08-11 01:14:16.395412"], ["updated_at", "2021-08-11 01:14:16.395412"]]
  [1m[36mTRANSACTION (1.4ms)[0m  [1m[35mCOMMIT[0m
Started POST "/" for ::1 at 2021-08-10 21:49:59 -0400
  [1m[35m (42.5ms)[0m  [1m[34mSELECT "schema_migrations"."version" FROM "schema_migrations" ORDER BY "schema_migrations"."version" ASC[0m
  
ActionController::RoutingError (No route matches [POST] "/"):
  
Started POST "/users" for ::1 at 2021-08-10 21:50:11 -0400
  
SyntaxError (/Users/shev/Development/code/Mod5/Capstone-Project/backend_api/app/controllers/users_controller.rb:6: syntax error, unexpected tINTEGER, expecting do or '{' or '('
...  render json: user, status 201
...                            ^~~):
  
app/controllers/users_controller.rb:6: syntax error, unexpected tINTEGER, expecting do or '{' or '('
app/controllers/users_controller.rb:6: syntax error, unexpected tINTEGER, expecting do or '{' or '('
Started POST "/users" for ::1 at 2021-08-10 21:54:40 -0400
  
SyntaxError (/Users/shev/Development/code/Mod5/Capstone-Project/backend_api/app/models/user.rb:6: syntax error, unexpected tIDENTIFIER, expecting end
... :user_name, :password presence: {message: " must be present...
...                       ^~~~~~~~
/Users/shev/Development/code/Mod5/Capstone-Project/backend_api/app/models/user.rb:9: syntax error, unexpected in, expecting '}'
...alidates :password, length: {in 6..10 }
...                             ^~
/Users/shev/Development/code/Mod5/Capstone-Project/backend_api/app/models/user.rb:9: syntax error, unexpected '}', expecting end
... :password, length: {in 6..10 }
...                              ^):
  
app/models/user.rb:6: syntax error, unexpected tIDENTIFIER, expecting end
app/models/user.rb:9: syntax error, unexpected in, expecting '}'
app/models/user.rb:9: syntax error, unexpected '}', expecting end
app/models/user.rb:6: syntax error, unexpected tIDENTIFIER, expecting end
app/models/user.rb:9: syntax error, unexpected in, expecting '}'
app/models/user.rb:9: syntax error, unexpected '}', expecting end
Started POST "/users" for ::1 at 2021-08-10 21:55:41 -0400
  
SyntaxError (/Users/shev/Development/code/Mod5/Capstone-Project/backend_api/app/models/user.rb:9: syntax error, unexpected in, expecting '}'
...alidates :password, length: {in 6..10 }
...                             ^~
/Users/shev/Development/code/Mod5/Capstone-Project/backend_api/app/models/user.rb:9: syntax error, unexpected '}', expecting end
... :password, length: {in 6..10 }
...                              ^):
  
app/models/user.rb:9: syntax error, unexpected in, expecting '}'
app/models/user.rb:9: syntax error, unexpected '}', expecting end
app/models/user.rb:9: syntax error, unexpected in, expecting '}'
app/models/user.rb:9: syntax error, unexpected '}', expecting end
Started POST "/users" for ::1 at 2021-08-10 21:56:51 -0400
Processing by UsersController#create as */*
  Parameters: {"name"=>"Justin", "user_name"=>"Jussy", "password"=>"[FILTERED]", "email"=>"jus@gmail.com", "admin"=>"false", "user"=>{"name"=>"Justin", "user_name"=>"Jussy", "email"=>"jus@gmail.com", "admin"=>"false"}}
[31mUnpermitted parameter: :user[0m
Completed 500 Internal Server Error in 120ms (ActiveRecord: 111.6ms | Allocations: 7451)


  
ActiveModel::UnknownAttributeError (unknown attribute 'password' for User.):
  
app/controllers/users_controller.rb:4:in `create'
Started POST "/users" for ::1 at 2021-08-10 21:58:56 -0400
Processing by UsersController#create as */*
  Parameters: {"name"=>"Justin", "user_name"=>"Jussy", "password"=>"[FILTERED]", "email"=>"jus@gmail.com", "admin"=>"false", "user"=>{"name"=>"Justin", "user_name"=>"Jussy", "email"=>"jus@gmail.com", "admin"=>"false"}}
[31mUnpermitted parameters: :password, :user[0m
Completed 500 Internal Server Error in 46ms (ActiveRecord: 29.8ms | Allocations: 6718)


  
NoMethodError (undefined method `password' for #<User:0x00007f828b98f7c8>
Did you mean?  password_digest):
  
app/controllers/users_controller.rb:4:in `create'
Started POST "/users" for ::1 at 2021-08-10 21:59:14 -0400
Processing by UsersController#create as */*
  Parameters: {"name"=>"Justin", "user_name"=>"Jussy", "password"=>"[FILTERED]", "email"=>"jus@gmail.com", "admin"=>"false", "user"=>{"name"=>"Justin", "user_name"=>"Jussy", "email"=>"jus@gmail.com", "admin"=>"false"}}
[31mUnpermitted parameters: :password, :user[0m
Completed 500 Internal Server Error in 18ms (ActiveRecord: 0.0ms | Allocations: 2971)


  
NoMethodError (undefined method `password' for #<User:0x00007f828bafd470>
Did you mean?  password_digest):
  
app/controllers/users_controller.rb:4:in `create'
Started POST "/users" for ::1 at 2021-08-10 22:00:21 -0400
Processing by UsersController#create as */*
  Parameters: {"name"=>"Justin", "user_name"=>"Jussy", "password"=>"[FILTERED]", "email"=>"jus@gmail.com", "admin"=>"false", "user"=>{"name"=>"Justin", "user_name"=>"Jussy", "email"=>"jus@gmail.com", "admin"=>"false"}}
[31mUnpermitted parameters: :password, :user[0m
  [1m[36mTRANSACTION (0.3ms)[0m  [1m[35mBEGIN[0m
  ↳ app/controllers/users_controller.rb:4:in `create'
  [1m[36mUser Exists? (44.1ms)[0m  [1m[34mSELECT 1 AS one FROM "users" WHERE "users"."user_name" = $1 LIMIT $2[0m  [["user_name", "Jussy"], ["LIMIT", 1]]
  ↳ app/controllers/users_controller.rb:4:in `create'
  [1m[36mUser Exists? (4.0ms)[0m  [1m[34mSELECT 1 AS one FROM "users" WHERE "users"."email" = $1 LIMIT $2[0m  [["email", "jus@gmail.com"], ["LIMIT", 1]]
  ↳ app/controllers/users_controller.rb:4:in `create'
  [1m[36mTRANSACTION (8.0ms)[0m  [1m[31mROLLBACK[0m
  ↳ app/controllers/users_controller.rb:4:in `create'
  [1m[36mUser Exists? (4.7ms)[0m  [1m[34mSELECT 1 AS one FROM "users" WHERE "users"."user_name" = $1 LIMIT $2[0m  [["user_name", "Jussy"], ["LIMIT", 1]]
  ↳ app/controllers/users_controller.rb:5:in `create'
  [1m[36mUser Exists? (8.2ms)[0m  [1m[34mSELECT 1 AS one FROM "users" WHERE "users"."email" = $1 LIMIT $2[0m  [["email", "jus@gmail.com"], ["LIMIT", 1]]
  ↳ app/controllers/users_controller.rb:5:in `create'
Completed 500 Internal Server Error in 116ms (ActiveRecord: 95.6ms | Allocations: 9757)


  
NoMethodError (undefined method `error' for #<User:0x00007f82885e6d18>
Did you mean?  errors):
  
app/controllers/users_controller.rb:8:in `create'
Started POST "/users" for ::1 at 2021-08-10 22:00:58 -0400
Processing by UsersController#create as */*
  Parameters: {"name"=>"Justin", "user_name"=>"Jussy", "password"=>"[FILTERED]", "email"=>"jus@gmail.com", "admin"=>"false", "user"=>{"name"=>"Justin", "user_name"=>"Jussy", "email"=>"jus@gmail.com", "admin"=>"false"}}
[31mUnpermitted parameters: :password, :user[0m
  [1m[36mTRANSACTION (0.2ms)[0m  [1m[35mBEGIN[0m
  ↳ app/controllers/users_controller.rb:4:in `create'
  [1m[36mUser Exists? (1.4ms)[0m  [1m[34mSELECT 1 AS one FROM "users" WHERE "users"."user_name" = $1 LIMIT $2[0m  [["user_name", "Jussy"], ["LIMIT", 1]]
  ↳ app/controllers/users_controller.rb:4:in `create'
  [1m[36mUser Exists? (9.5ms)[0m  [1m[34mSELECT 1 AS one FROM "users" WHERE "users"."email" = $1 LIMIT $2[0m  [["email", "jus@gmail.com"], ["LIMIT", 1]]
  ↳ app/controllers/users_controller.rb:4:in `create'
  [1m[36mTRANSACTION (4.4ms)[0m  [1m[31mROLLBACK[0m
  ↳ app/controllers/users_controller.rb:4:in `create'
  [1m[36mUser Exists? (8.0ms)[0m  [1m[34mSELECT 1 AS one FROM "users" WHERE "users"."user_name" = $1 LIMIT $2[0m  [["user_name", "Jussy"], ["LIMIT", 1]]
  ↳ app/controllers/users_controller.rb:5:in `create'
  [1m[36mUser Exists? (4.1ms)[0m  [1m[34mSELECT 1 AS one FROM "users" WHERE "users"."email" = $1 LIMIT $2[0m  [["email", "jus@gmail.com"], ["LIMIT", 1]]
  ↳ app/controllers/users_controller.rb:5:in `create'
[active_model_serializers] Rendered ActiveModel::Serializer::Null with Hash (0.2ms)
Completed 422 Unprocessable Entity in 4874ms (Views: 7.6ms | ActiveRecord: 47.6ms | Allocations: 1409865)


Started POST "/users" for ::1 at 2021-08-10 22:01:31 -0400
Processing by UsersController#create as */*
  Parameters: {"name"=>"Justin", "user_name"=>"Jussy", "password_digest"=>"[FILTERED]", "email"=>"jus@gmail.com", "admin"=>"false", "user"=>{"name"=>"Justin", "user_name"=>"Jussy", "password_digest"=>"[FILTERED]", "email"=>"jus@gmail.com", "admin"=>"false"}}
[31mUnpermitted parameter: :user[0m
  [1m[36mTRANSACTION (1.1ms)[0m  [1m[35mBEGIN[0m
  ↳ app/controllers/users_controller.rb:4:in `create'
  [1m[36mUser Exists? (11.8ms)[0m  [1m[34mSELECT 1 AS one FROM "users" WHERE "users"."user_name" = $1 LIMIT $2[0m  [["user_name", "Jussy"], ["LIMIT", 1]]
  ↳ app/controllers/users_controller.rb:4:in `create'
  [1m[36mUser Exists? (12.4ms)[0m  [1m[34mSELECT 1 AS one FROM "users" WHERE "users"."email" = $1 LIMIT $2[0m  [["email", "jus@gmail.com"], ["LIMIT", 1]]
  ↳ app/controllers/users_controller.rb:4:in `create'
  [1m[36mUser Create (29.4ms)[0m  [1m[32mINSERT INTO "users" ("name", "user_name", "password_digest", "email", "admin", "created_at", "updated_at") VALUES ($1, $2, $3, $4, $5, $6, $7) RETURNING "id"[0m  [["name", "Justin"], ["user_name", "Jussy"], ["password_digest", "brooklyn"], ["email", "jus@gmail.com"], ["admin", false], ["created_at", "2021-08-11 02:01:31.818572"], ["updated_at", "2021-08-11 02:01:31.818572"]]
  ↳ app/controllers/users_controller.rb:4:in `create'
  [1m[36mTRANSACTION (13.8ms)[0m  [1m[35mCOMMIT[0m
  ↳ app/controllers/users_controller.rb:4:in `create'
  [1m[36mUser Exists? (14.0ms)[0m  [1m[34mSELECT 1 AS one FROM "users" WHERE "users"."user_name" = $1 AND "users"."id" != $2 LIMIT $3[0m  [["user_name", "Jussy"], ["id", 3], ["LIMIT", 1]]
  ↳ app/controllers/users_controller.rb:5:in `create'
  [1m[36mUser Exists? (12.3ms)[0m  [1m[34mSELECT 1 AS one FROM "users" WHERE "users"."email" = $1 AND "users"."id" != $2 LIMIT $3[0m  [["email", "jus@gmail.com"], ["id", 3], ["LIMIT", 1]]
  ↳ app/controllers/users_controller.rb:5:in `create'
[active_model_serializers] Rendered UserSerializer with ActiveModelSerializers::Adapter::Attributes (1.0ms)
Completed 201 Created in 163ms (Views: 41.4ms | ActiveRecord: 95.0ms | Allocations: 8860)


Started POST "/appointments" for ::1 at 2021-08-10 22:25:37 -0400
  
ArgumentError (You need to supply at least one attribute):
  
app/models/appointment.rb:6:in `<class:Appointment>'
app/models/appointment.rb:1:in `<main>'
Started POST "/appointments" for ::1 at 2021-08-10 22:26:00 -0400
Processing by AppointmentsController#create as */*
  Parameters: {"date"=>"August 21, 2021", "start_time"=>"12:00pm", "end_time"=>"1:00pm", "description"=>"going to a wedding, and need a silk press", "salon_id"=>"2", "user_id"=>"1", "appointment"=>{"date"=>"August 21, 2021", "start_time"=>"12:00pm", "end_time"=>"1:00pm", "description"=>"going to a wedding, and need a silk press", "user_id"=>"1", "salon_id"=>"2"}}
[31mUnpermitted parameter: :appointment[0m
  [1m[36mTRANSACTION (0.2ms)[0m  [1m[35mBEGIN[0m
  ↳ app/controllers/appointments_controller.rb:4:in `create'
  [1m[36mUser Load (0.9ms)[0m  [1m[34mSELECT "users".* FROM "users" WHERE "users"."id" = $1 LIMIT $2[0m  [["id", 1], ["LIMIT", 1]]
  ↳ app/controllers/appointments_controller.rb:4:in `create'
  [1m[36mSalon Load (3.7ms)[0m  [1m[34mSELECT "salons".* FROM "salons" WHERE "salons"."id" = $1 LIMIT $2[0m  [["id", 2], ["LIMIT", 1]]
  ↳ app/controllers/appointments_controller.rb:4:in `create'
  [1m[36mAppointment Create (49.5ms)[0m  [1m[32mINSERT INTO "appointments" ("date", "start_time", "end_time", "description", "user_id", "salon_id", "created_at", "updated_at") VALUES ($1, $2, $3, $4, $5, $6, $7, $8) RETURNING "id"[0m  [["date", "August 21, 2021"], ["start_time", "12:00pm"], ["end_time", "1:00pm"], ["description", "going to a wedding, and need a silk press"], ["user_id", 1], ["salon_id", 2], ["created_at", "2021-08-11 02:26:00.969628"], ["updated_at", "2021-08-11 02:26:00.969628"]]
  ↳ app/controllers/appointments_controller.rb:4:in `create'
  [1m[36mTRANSACTION (4.5ms)[0m  [1m[35mCOMMIT[0m
  ↳ app/controllers/appointments_controller.rb:4:in `create'
[active_model_serializers] Rendered AppointmentSerializer with ActiveModelSerializers::Adapter::Attributes (17.77ms)
Completed 201 Created in 294ms (Views: 84.0ms | ActiveRecord: 147.2ms | Allocations: 23971)


Started GET "/appointments" for ::1 at 2021-08-10 22:28:09 -0400
  
AbstractController::ActionNotFound (The action 'index' could not be found for AppointmentsController):
  
actionpack (6.1.4) lib/abstract_controller/base.rb:160:in `process'
actionpack (6.1.4) lib/action_controller/metal.rb:190:in `dispatch'
actionpack (6.1.4) lib/action_controller/metal.rb:254:in `dispatch'
actionpack (6.1.4) lib/action_dispatch/routing/route_set.rb:50:in `dispatch'
actionpack (6.1.4) lib/action_dispatch/routing/route_set.rb:33:in `serve'
actionpack (6.1.4) lib/action_dispatch/journey/router.rb:50:in `block in serve'
actionpack (6.1.4) lib/action_dispatch/journey/router.rb:32:in `each'
actionpack (6.1.4) lib/action_dispatch/journey/router.rb:32:in `serve'
actionpack (6.1.4) lib/action_dispatch/routing/route_set.rb:842:in `call'
rack (2.2.3) lib/rack/etag.rb:27:in `call'
rack (2.2.3) lib/rack/conditional_get.rb:27:in `call'
rack (2.2.3) lib/rack/head.rb:12:in `call'
activerecord (6.1.4) lib/active_record/migration.rb:601:in `call'
actionpack (6.1.4) lib/action_dispatch/middleware/callbacks.rb:27:in `block in call'
activesupport (6.1.4) lib/active_support/callbacks.rb:98:in `run_callbacks'
actionpack (6.1.4) lib/action_dispatch/middleware/callbacks.rb:26:in `call'
actionpack (6.1.4) lib/action_dispatch/middleware/executor.rb:14:in `call'
actionpack (6.1.4) lib/action_dispatch/middleware/actionable_exceptions.rb:18:in `call'
actionpack (6.1.4) lib/action_dispatch/middleware/debug_exceptions.rb:29:in `call'
actionpack (6.1.4) lib/action_dispatch/middleware/show_exceptions.rb:33:in `call'
railties (6.1.4) lib/rails/rack/logger.rb:37:in `call_app'
railties (6.1.4) lib/rails/rack/logger.rb:26:in `block in call'
activesupport (6.1.4) lib/active_support/tagged_logging.rb:99:in `block in tagged'
activesupport (6.1.4) lib/active_support/tagged_logging.rb:37:in `tagged'
activesupport (6.1.4) lib/active_support/tagged_logging.rb:99:in `tagged'
railties (6.1.4) lib/rails/rack/logger.rb:26:in `call'
actionpack (6.1.4) lib/action_dispatch/middleware/remote_ip.rb:81:in `call'
actionpack (6.1.4) lib/action_dispatch/middleware/request_id.rb:26:in `call'
rack (2.2.3) lib/rack/runtime.rb:22:in `call'
activesupport (6.1.4) lib/active_support/cache/strategy/local_cache_middleware.rb:29:in `call'
actionpack (6.1.4) lib/action_dispatch/middleware/executor.rb:14:in `call'
actionpack (6.1.4) lib/action_dispatch/middleware/static.rb:24:in `call'
rack (2.2.3) lib/rack/sendfile.rb:110:in `call'
actionpack (6.1.4) lib/action_dispatch/middleware/host_authorization.rb:98:in `call'
rack-cors (1.1.1) lib/rack/cors.rb:100:in `call'
railties (6.1.4) lib/rails/engine.rb:539:in `call'
puma (5.4.0) lib/puma/configuration.rb:249:in `call'
puma (5.4.0) lib/puma/request.rb:77:in `block in handle_request'
puma (5.4.0) lib/puma/thread_pool.rb:340:in `with_force_shutdown'
puma (5.4.0) lib/puma/request.rb:76:in `handle_request'
puma (5.4.0) lib/puma/server.rb:440:in `process_client'
puma (5.4.0) lib/puma/thread_pool.rb:147:in `block in spawn_thread'
Started GET "/appointments" for ::1 at 2021-08-10 22:31:11 -0400
  
ArgumentError (You need to supply at least one attribute):
  
app/models/appointment.rb:6:in `<class:Appointment>'
app/models/appointment.rb:1:in `<main>'
Started GET "/" for ::1 at 2021-08-10 22:33:34 -0400
Processing by Rails::WelcomeController#index as HTML
  Rendering /Users/shev/.rvm/gems/ruby-2.6.1/gems/railties-6.1.4/lib/rails/templates/rails/welcome/index.html.erb
  Rendered /Users/shev/.rvm/gems/ruby-2.6.1/gems/railties-6.1.4/lib/rails/templates/rails/welcome/index.html.erb (Duration: 24.4ms | Allocations: 480)
Completed 200 OK in 267ms (Views: 71.3ms | Allocations: 4141)


Started GET "/favicon.ico" for ::1 at 2021-08-10 22:33:36 -0400
  
ActionController::RoutingError (No route matches [GET] "/favicon.ico"):
  
Started GET "/appointments" for ::1 at 2021-08-10 22:33:44 -0400
Processing by AppointmentsController#index as HTML
  [1m[36mAppointment Load (1.2ms)[0m  [1m[34mSELECT "appointments".* FROM "appointments"[0m
  ↳ app/controllers/appointments_controller.rb:5:in `index'
[active_model_serializers]   [1m[36mUser Load (0.6ms)[0m  [1m[34mSELECT "users".* FROM "users" WHERE "users"."id" = $1 LIMIT $2[0m  [["id", 1], ["LIMIT", 1]]
[active_model_serializers]   ↳ app/controllers/appointments_controller.rb:5:in `index'
[active_model_serializers]   [1m[36mSalon Load (0.5ms)[0m  [1m[34mSELECT "salons".* FROM "salons" WHERE "salons"."id" = $1 LIMIT $2[0m  [["id", 1], ["LIMIT", 1]]
[active_model_serializers]   ↳ app/controllers/appointments_controller.rb:5:in `index'
[active_model_serializers]   [1m[36mUser Load (0.6ms)[0m  [1m[34mSELECT "users".* FROM "users" WHERE "users"."id" = $1 LIMIT $2[0m  [["id", 2], ["LIMIT", 1]]
[active_model_serializers]   ↳ app/controllers/appointments_controller.rb:5:in `index'
[active_model_serializers]   [1m[36mSalon Load (2.8ms)[0m  [1m[34mSELECT "salons".* FROM "salons" WHERE "salons"."id" = $1 LIMIT $2[0m  [["id", 2], ["LIMIT", 1]]
[active_model_serializers]   ↳ app/controllers/appointments_controller.rb:5:in `index'
[active_model_serializers]   [1m[36mCACHE User Load (0.0ms)[0m  [1m[34mSELECT "users".* FROM "users" WHERE "users"."id" = $1 LIMIT $2[0m  [["id", 1], ["LIMIT", 1]]
[active_model_serializers]   ↳ app/controllers/appointments_controller.rb:5:in `index'
[active_model_serializers]   [1m[36mCACHE Salon Load (0.0ms)[0m  [1m[34mSELECT "salons".* FROM "salons" WHERE "salons"."id" = $1 LIMIT $2[0m  [["id", 2], ["LIMIT", 1]]
[active_model_serializers]   ↳ app/controllers/appointments_controller.rb:5:in `index'
[active_model_serializers] Rendered ActiveModel::Serializer::CollectionSerializer with ActiveModelSerializers::Adapter::Attributes (64.55ms)
Completed 200 OK in 175ms (Views: 170.7ms | ActiveRecord: 26.9ms | Allocations: 26213)


Started GET "/appointments" for ::1 at 2021-08-10 22:47:57 -0400
Processing by AppointmentsController#index as HTML
  [1m[36mAppointment Load (2.4ms)[0m  [1m[34mSELECT "appointments".* FROM "appointments"[0m
  ↳ app/controllers/appointments_controller.rb:5:in `index'
[active_model_serializers]   [1m[36mUser Load (1.1ms)[0m  [1m[34mSELECT "users".* FROM "users" WHERE "users"."id" = $1 LIMIT $2[0m  [["id", 1], ["LIMIT", 1]]
[active_model_serializers]   ↳ app/controllers/appointments_controller.rb:5:in `index'
[active_model_serializers]   [1m[36mSalon Load (0.7ms)[0m  [1m[34mSELECT "salons".* FROM "salons" WHERE "salons"."id" = $1 LIMIT $2[0m  [["id", 1], ["LIMIT", 1]]
[active_model_serializers]   ↳ app/controllers/appointments_controller.rb:5:in `index'
[active_model_serializers]   [1m[36mUser Load (2.4ms)[0m  [1m[34mSELECT "users".* FROM "users" WHERE "users"."id" = $1 LIMIT $2[0m  [["id", 2], ["LIMIT", 1]]
[active_model_serializers]   ↳ app/controllers/appointments_controller.rb:5:in `index'
[active_model_serializers]   [1m[36mSalon Load (6.2ms)[0m  [1m[34mSELECT "salons".* FROM "salons" WHERE "salons"."id" = $1 LIMIT $2[0m  [["id", 2], ["LIMIT", 1]]
[active_model_serializers]   ↳ app/controllers/appointments_controller.rb:5:in `index'
[active_model_serializers]   [1m[36mCACHE User Load (0.0ms)[0m  [1m[34mSELECT "users".* FROM "users" WHERE "users"."id" = $1 LIMIT $2[0m  [["id", 1], ["LIMIT", 1]]
[active_model_serializers]   ↳ app/controllers/appointments_controller.rb:5:in `index'
[active_model_serializers]   [1m[36mCACHE Salon Load (0.0ms)[0m  [1m[34mSELECT "salons".* FROM "salons" WHERE "salons"."id" = $1 LIMIT $2[0m  [["id", 2], ["LIMIT", 1]]
[active_model_serializers]   ↳ app/controllers/appointments_controller.rb:5:in `index'
[active_model_serializers] Rendered ActiveModel::Serializer::CollectionSerializer with ActiveModelSerializers::Adapter::Attributes (53.64ms)
Completed 200 OK in 118ms (Views: 111.4ms | ActiveRecord: 29.0ms | Allocations: 9222)


Started GET "/appointments" for ::1 at 2021-08-10 22:48:24 -0400
Processing by AppointmentsController#index as HTML
  [1m[36mAppointment Load (0.4ms)[0m  [1m[34mSELECT "appointments".* FROM "appointments"[0m
  ↳ app/controllers/appointments_controller.rb:5:in `index'
[active_model_serializers]   [1m[36mUser Load (7.5ms)[0m  [1m[34mSELECT "users".* FROM "users" WHERE "users"."id" = $1 LIMIT $2[0m  [["id", 1], ["LIMIT", 1]]
[active_model_serializers]   ↳ app/controllers/appointments_controller.rb:5:in `index'
[active_model_serializers]   [1m[36mSalon Load (8.2ms)[0m  [1m[34mSELECT "salons".* FROM "salons" WHERE "salons"."id" = $1 LIMIT $2[0m  [["id", 1], ["LIMIT", 1]]
[active_model_serializers]   ↳ app/controllers/appointments_controller.rb:5:in `index'
[active_model_serializers]   [1m[36mUser Load (3.2ms)[0m  [1m[34mSELECT "users".* FROM "users" WHERE "users"."id" = $1 LIMIT $2[0m  [["id", 2], ["LIMIT", 1]]
[active_model_serializers]   ↳ app/controllers/appointments_controller.rb:5:in `index'
[active_model_serializers]   [1m[36mSalon Load (5.0ms)[0m  [1m[34mSELECT "salons".* FROM "salons" WHERE "salons"."id" = $1 LIMIT $2[0m  [["id", 2], ["LIMIT", 1]]
[active_model_serializers]   ↳ app/controllers/appointments_controller.rb:5:in `index'
[active_model_serializers]   [1m[36mCACHE User Load (0.0ms)[0m  [1m[34mSELECT "users".* FROM "users" WHERE "users"."id" = $1 LIMIT $2[0m  [["id", 1], ["LIMIT", 1]]
[active_model_serializers]   ↳ app/controllers/appointments_controller.rb:5:in `index'
[active_model_serializers]   [1m[36mCACHE Salon Load (0.0ms)[0m  [1m[34mSELECT "salons".* FROM "salons" WHERE "salons"."id" = $1 LIMIT $2[0m  [["id", 2], ["LIMIT", 1]]
[active_model_serializers]   ↳ app/controllers/appointments_controller.rb:5:in `index'
[active_model_serializers] Rendered ActiveModel::Serializer::CollectionSerializer with ActiveModelSerializers::Adapter::Attributes (56.11ms)
Completed 200 OK in 68ms (Views: 42.6ms | ActiveRecord: 24.5ms | Allocations: 7156)


Started GET "/appointments" for ::1 at 2021-08-10 22:48:27 -0400
Processing by AppointmentsController#index as HTML
  [1m[36mAppointment Load (1.7ms)[0m  [1m[34mSELECT "appointments".* FROM "appointments"[0m
  ↳ app/controllers/appointments_controller.rb:5:in `index'
[active_model_serializers]   [1m[36mUser Load (5.3ms)[0m  [1m[34mSELECT "users".* FROM "users" WHERE "users"."id" = $1 LIMIT $2[0m  [["id", 1], ["LIMIT", 1]]
[active_model_serializers]   ↳ app/controllers/appointments_controller.rb:5:in `index'
[active_model_serializers]   [1m[36mSalon Load (5.8ms)[0m  [1m[34mSELECT "salons".* FROM "salons" WHERE "salons"."id" = $1 LIMIT $2[0m  [["id", 1], ["LIMIT", 1]]
[active_model_serializers]   ↳ app/controllers/appointments_controller.rb:5:in `index'
[active_model_serializers]   [1m[36mUser Load (2.5ms)[0m  [1m[34mSELECT "users".* FROM "users" WHERE "users"."id" = $1 LIMIT $2[0m  [["id", 2], ["LIMIT", 1]]
[active_model_serializers]   ↳ app/controllers/appointments_controller.rb:5:in `index'
[active_model_serializers]   [1m[36mSalon Load (13.0ms)[0m  [1m[34mSELECT "salons".* FROM "salons" WHERE "salons"."id" = $1 LIMIT $2[0m  [["id", 2], ["LIMIT", 1]]
[active_model_serializers]   ↳ app/controllers/appointments_controller.rb:5:in `index'
[active_model_serializers]   [1m[36mCACHE User Load (0.0ms)[0m  [1m[34mSELECT "users".* FROM "users" WHERE "users"."id" = $1 LIMIT $2[0m  [["id", 1], ["LIMIT", 1]]
[active_model_serializers]   ↳ app/controllers/appointments_controller.rb:5:in `index'
[active_model_serializers]   [1m[36mCACHE Salon Load (0.0ms)[0m  [1m[34mSELECT "salons".* FROM "salons" WHERE "salons"."id" = $1 LIMIT $2[0m  [["id", 2], ["LIMIT", 1]]
[active_model_serializers]   ↳ app/controllers/appointments_controller.rb:5:in `index'
[active_model_serializers] Rendered ActiveModel::Serializer::CollectionSerializer with ActiveModelSerializers::Adapter::Attributes (58.89ms)
Completed 200 OK in 67ms (Views: 38.4ms | ActiveRecord: 28.4ms | Allocations: 7159)


